2023-07-06 17:25:47,413 [Worker-2: Loading available Gradle versions] INFO  o.e.b.c.i.u.g.PublishedGradleVersions - Gradle version information cache is up-to-date. Trying to read.
2023-07-06 18:08:10,102 [Worker-7: Loading available Gradle versions] INFO  o.e.b.c.i.u.g.PublishedGradleVersions - Gradle version information cache is up-to-date. Trying to read.
2023-07-06 20:34:22,008 [Worker-29: Launching mavenrun-53d2d193-9a6a-4dbc-8f20-6e7067578933] INFO  o.eclipse.m2e.core.internal.Bundles - getClasspathEntries(Bundle=org.eclipse.m2e.maven.runtime_3.8.701.20230209-1606 [273])
2023-07-06 20:34:22,099 [Worker-29: Launching mavenrun-53d2d193-9a6a-4dbc-8f20-6e7067578933] INFO  o.eclipse.m2e.core.internal.Bundles - 	Entry: C:\Users\SCOREME-LT-ANANT\.p2\pool\plugins\org.eclipse.m2e.maven.runtime_3.8.701.20230209-1606
2023-07-06 20:34:22,100 [Worker-29: Launching mavenrun-53d2d193-9a6a-4dbc-8f20-6e7067578933] INFO  o.eclipse.m2e.core.internal.Bundles - 	Entry: C:\Users\SCOREME-LT-ANANT\.p2\pool\plugins\org.eclipse.m2e.maven.runtime_3.8.701.20230209-1606\jars\aether-connector-okhttp-0.17.8.jar
2023-07-06 20:34:22,100 [Worker-29: Launching mavenrun-53d2d193-9a6a-4dbc-8f20-6e7067578933] INFO  o.eclipse.m2e.core.internal.Bundles - 	Entry: C:\Users\SCOREME-LT-ANANT\.p2\pool\plugins\org.eclipse.m2e.maven.runtime_3.8.701.20230209-1606\jars\commons-lang3-3.8.1.jar
2023-07-06 20:34:22,101 [Worker-29: Launching mavenrun-53d2d193-9a6a-4dbc-8f20-6e7067578933] INFO  o.eclipse.m2e.core.internal.Bundles - 	Entry: C:\Users\SCOREME-LT-ANANT\.p2\pool\plugins\org.eclipse.m2e.maven.runtime_3.8.701.20230209-1606\jars\guice-4.2.2-no_aop.jar
2023-07-06 20:34:22,101 [Worker-29: Launching mavenrun-53d2d193-9a6a-4dbc-8f20-6e7067578933] INFO  o.eclipse.m2e.core.internal.Bundles - 	Entry: C:\Users\SCOREME-LT-ANANT\.p2\pool\plugins\org.eclipse.m2e.maven.runtime_3.8.701.20230209-1606\jars\jansi-2.4.0.jar
2023-07-06 20:34:22,101 [Worker-29: Launching mavenrun-53d2d193-9a6a-4dbc-8f20-6e7067578933] INFO  o.eclipse.m2e.core.internal.Bundles - 	Entry: C:\Users\SCOREME-LT-ANANT\.p2\pool\plugins\org.eclipse.m2e.maven.runtime_3.8.701.20230209-1606\jars\maven-artifact-3.8.7.jar
2023-07-06 20:34:22,102 [Worker-29: Launching mavenrun-53d2d193-9a6a-4dbc-8f20-6e7067578933] INFO  o.eclipse.m2e.core.internal.Bundles - 	Entry: C:\Users\SCOREME-LT-ANANT\.p2\pool\plugins\org.eclipse.m2e.maven.runtime_3.8.701.20230209-1606\jars\maven-builder-support-3.8.7.jar
2023-07-06 20:34:22,102 [Worker-29: Launching mavenrun-53d2d193-9a6a-4dbc-8f20-6e7067578933] INFO  o.eclipse.m2e.core.internal.Bundles - 	Entry: C:\Users\SCOREME-LT-ANANT\.p2\pool\plugins\org.eclipse.m2e.maven.runtime_3.8.701.20230209-1606\jars\maven-compat-3.8.7.jar
2023-07-06 20:34:22,102 [Worker-29: Launching mavenrun-53d2d193-9a6a-4dbc-8f20-6e7067578933] INFO  o.eclipse.m2e.core.internal.Bundles - 	Entry: C:\Users\SCOREME-LT-ANANT\.p2\pool\plugins\org.eclipse.m2e.maven.runtime_3.8.701.20230209-1606\jars\maven-core-3.8.7.jar
2023-07-06 20:34:22,102 [Worker-29: Launching mavenrun-53d2d193-9a6a-4dbc-8f20-6e7067578933] INFO  o.eclipse.m2e.core.internal.Bundles - 	Entry: C:\Users\SCOREME-LT-ANANT\.p2\pool\plugins\org.eclipse.m2e.maven.runtime_3.8.701.20230209-1606\jars\maven-embedder-3.8.7.jar
2023-07-06 20:34:22,103 [Worker-29: Launching mavenrun-53d2d193-9a6a-4dbc-8f20-6e7067578933] INFO  o.eclipse.m2e.core.internal.Bundles - 	Entry: C:\Users\SCOREME-LT-ANANT\.p2\pool\plugins\org.eclipse.m2e.maven.runtime_3.8.701.20230209-1606\jars\maven-model-3.8.7.jar
2023-07-06 20:34:22,103 [Worker-29: Launching mavenrun-53d2d193-9a6a-4dbc-8f20-6e7067578933] INFO  o.eclipse.m2e.core.internal.Bundles - 	Entry: C:\Users\SCOREME-LT-ANANT\.p2\pool\plugins\org.eclipse.m2e.maven.runtime_3.8.701.20230209-1606\jars\maven-model-builder-3.8.7.jar
2023-07-06 20:34:22,103 [Worker-29: Launching mavenrun-53d2d193-9a6a-4dbc-8f20-6e7067578933] INFO  o.eclipse.m2e.core.internal.Bundles - 	Entry: C:\Users\SCOREME-LT-ANANT\.p2\pool\plugins\org.eclipse.m2e.maven.runtime_3.8.701.20230209-1606\jars\maven-plugin-api-3.8.7.jar
2023-07-06 20:34:22,104 [Worker-29: Launching mavenrun-53d2d193-9a6a-4dbc-8f20-6e7067578933] INFO  o.eclipse.m2e.core.internal.Bundles - 	Entry: C:\Users\SCOREME-LT-ANANT\.p2\pool\plugins\org.eclipse.m2e.maven.runtime_3.8.701.20230209-1606\jars\maven-repository-metadata-3.8.7.jar
2023-07-06 20:34:22,104 [Worker-29: Launching mavenrun-53d2d193-9a6a-4dbc-8f20-6e7067578933] INFO  o.eclipse.m2e.core.internal.Bundles - 	Entry: C:\Users\SCOREME-LT-ANANT\.p2\pool\plugins\org.eclipse.m2e.maven.runtime_3.8.701.20230209-1606\jars\maven-resolver-api-1.6.3.jar
2023-07-06 20:34:22,104 [Worker-29: Launching mavenrun-53d2d193-9a6a-4dbc-8f20-6e7067578933] INFO  o.eclipse.m2e.core.internal.Bundles - 	Entry: C:\Users\SCOREME-LT-ANANT\.p2\pool\plugins\org.eclipse.m2e.maven.runtime_3.8.701.20230209-1606\jars\maven-resolver-connector-basic-1.6.3.jar
2023-07-06 20:34:22,104 [Worker-29: Launching mavenrun-53d2d193-9a6a-4dbc-8f20-6e7067578933] INFO  o.eclipse.m2e.core.internal.Bundles - 	Entry: C:\Users\SCOREME-LT-ANANT\.p2\pool\plugins\org.eclipse.m2e.maven.runtime_3.8.701.20230209-1606\jars\maven-resolver-impl-1.6.3.jar
2023-07-06 20:34:22,105 [Worker-29: Launching mavenrun-53d2d193-9a6a-4dbc-8f20-6e7067578933] INFO  o.eclipse.m2e.core.internal.Bundles - 	Entry: C:\Users\SCOREME-LT-ANANT\.p2\pool\plugins\org.eclipse.m2e.maven.runtime_3.8.701.20230209-1606\jars\maven-resolver-provider-3.8.7.jar
2023-07-06 20:34:22,105 [Worker-29: Launching mavenrun-53d2d193-9a6a-4dbc-8f20-6e7067578933] INFO  o.eclipse.m2e.core.internal.Bundles - 	Entry: C:\Users\SCOREME-LT-ANANT\.p2\pool\plugins\org.eclipse.m2e.maven.runtime_3.8.701.20230209-1606\jars\maven-resolver-spi-1.6.3.jar
2023-07-06 20:34:22,105 [Worker-29: Launching mavenrun-53d2d193-9a6a-4dbc-8f20-6e7067578933] INFO  o.eclipse.m2e.core.internal.Bundles - 	Entry: C:\Users\SCOREME-LT-ANANT\.p2\pool\plugins\org.eclipse.m2e.maven.runtime_3.8.701.20230209-1606\jars\maven-resolver-transport-wagon-1.6.3.jar
2023-07-06 20:34:22,105 [Worker-29: Launching mavenrun-53d2d193-9a6a-4dbc-8f20-6e7067578933] INFO  o.eclipse.m2e.core.internal.Bundles - 	Entry: C:\Users\SCOREME-LT-ANANT\.p2\pool\plugins\org.eclipse.m2e.maven.runtime_3.8.701.20230209-1606\jars\maven-resolver-util-1.6.3.jar
2023-07-06 20:34:22,105 [Worker-29: Launching mavenrun-53d2d193-9a6a-4dbc-8f20-6e7067578933] INFO  o.eclipse.m2e.core.internal.Bundles - 	Entry: C:\Users\SCOREME-LT-ANANT\.p2\pool\plugins\org.eclipse.m2e.maven.runtime_3.8.701.20230209-1606\jars\maven-settings-3.8.7.jar
2023-07-06 20:34:22,105 [Worker-29: Launching mavenrun-53d2d193-9a6a-4dbc-8f20-6e7067578933] INFO  o.eclipse.m2e.core.internal.Bundles - 	Entry: C:\Users\SCOREME-LT-ANANT\.p2\pool\plugins\org.eclipse.m2e.maven.runtime_3.8.701.20230209-1606\jars\maven-settings-builder-3.8.7.jar
2023-07-06 20:34:22,105 [Worker-29: Launching mavenrun-53d2d193-9a6a-4dbc-8f20-6e7067578933] INFO  o.eclipse.m2e.core.internal.Bundles - 	Entry: C:\Users\SCOREME-LT-ANANT\.p2\pool\plugins\org.eclipse.m2e.maven.runtime_3.8.701.20230209-1606\jars\maven-shared-utils-3.3.4.jar
2023-07-06 20:34:22,106 [Worker-29: Launching mavenrun-53d2d193-9a6a-4dbc-8f20-6e7067578933] INFO  o.eclipse.m2e.core.internal.Bundles - 	Entry: C:\Users\SCOREME-LT-ANANT\.p2\pool\plugins\org.eclipse.m2e.maven.runtime_3.8.701.20230209-1606\jars\okhttp-3.14.1.jar
2023-07-06 20:34:22,106 [Worker-29: Launching mavenrun-53d2d193-9a6a-4dbc-8f20-6e7067578933] INFO  o.eclipse.m2e.core.internal.Bundles - 	Entry: C:\Users\SCOREME-LT-ANANT\.p2\pool\plugins\org.eclipse.m2e.maven.runtime_3.8.701.20230209-1606\jars\okio-1.17.3.jar
2023-07-06 20:34:22,106 [Worker-29: Launching mavenrun-53d2d193-9a6a-4dbc-8f20-6e7067578933] INFO  o.eclipse.m2e.core.internal.Bundles - 	Entry: C:\Users\SCOREME-LT-ANANT\.p2\pool\plugins\org.eclipse.m2e.maven.runtime_3.8.701.20230209-1606\jars\org.eclipse.sisu.inject-0.3.5.jar
2023-07-06 20:34:22,106 [Worker-29: Launching mavenrun-53d2d193-9a6a-4dbc-8f20-6e7067578933] INFO  o.eclipse.m2e.core.internal.Bundles - 	Entry: C:\Users\SCOREME-LT-ANANT\.p2\pool\plugins\org.eclipse.m2e.maven.runtime_3.8.701.20230209-1606\jars\org.eclipse.sisu.plexus-0.3.5.jar
2023-07-06 20:34:22,106 [Worker-29: Launching mavenrun-53d2d193-9a6a-4dbc-8f20-6e7067578933] INFO  o.eclipse.m2e.core.internal.Bundles - 	Entry: C:\Users\SCOREME-LT-ANANT\.p2\pool\plugins\org.eclipse.m2e.maven.runtime_3.8.701.20230209-1606\jars\plexus-build-api-0.0.7.jar
2023-07-06 20:34:22,106 [Worker-29: Launching mavenrun-53d2d193-9a6a-4dbc-8f20-6e7067578933] INFO  o.eclipse.m2e.core.internal.Bundles - 	Entry: C:\Users\SCOREME-LT-ANANT\.p2\pool\plugins\org.eclipse.m2e.maven.runtime_3.8.701.20230209-1606\jars\plexus-cipher-2.0.jar
2023-07-06 20:34:22,106 [Worker-29: Launching mavenrun-53d2d193-9a6a-4dbc-8f20-6e7067578933] INFO  o.eclipse.m2e.core.internal.Bundles - 	Entry: C:\Users\SCOREME-LT-ANANT\.p2\pool\plugins\org.eclipse.m2e.maven.runtime_3.8.701.20230209-1606\jars\plexus-classworlds-2.6.0.jar
2023-07-06 20:34:22,107 [Worker-29: Launching mavenrun-53d2d193-9a6a-4dbc-8f20-6e7067578933] INFO  o.eclipse.m2e.core.internal.Bundles - 	Entry: C:\Users\SCOREME-LT-ANANT\.p2\pool\plugins\org.eclipse.m2e.maven.runtime_3.8.701.20230209-1606\jars\plexus-component-annotations-2.1.0.jar
2023-07-06 20:34:22,107 [Worker-29: Launching mavenrun-53d2d193-9a6a-4dbc-8f20-6e7067578933] INFO  o.eclipse.m2e.core.internal.Bundles - 	Entry: C:\Users\SCOREME-LT-ANANT\.p2\pool\plugins\org.eclipse.m2e.maven.runtime_3.8.701.20230209-1606\jars\plexus-interpolation-1.26.jar
2023-07-06 20:34:22,107 [Worker-29: Launching mavenrun-53d2d193-9a6a-4dbc-8f20-6e7067578933] INFO  o.eclipse.m2e.core.internal.Bundles - 	Entry: C:\Users\SCOREME-LT-ANANT\.p2\pool\plugins\org.eclipse.m2e.maven.runtime_3.8.701.20230209-1606\jars\plexus-sec-dispatcher-2.0.jar
2023-07-06 20:34:22,107 [Worker-29: Launching mavenrun-53d2d193-9a6a-4dbc-8f20-6e7067578933] INFO  o.eclipse.m2e.core.internal.Bundles - 	Entry: C:\Users\SCOREME-LT-ANANT\.p2\pool\plugins\org.eclipse.m2e.maven.runtime_3.8.701.20230209-1606\jars\plexus-utils-3.3.1.jar
2023-07-06 20:34:22,107 [Worker-29: Launching mavenrun-53d2d193-9a6a-4dbc-8f20-6e7067578933] INFO  o.eclipse.m2e.core.internal.Bundles - 	Entry: C:\Users\SCOREME-LT-ANANT\.p2\pool\plugins\org.eclipse.m2e.maven.runtime_3.8.701.20230209-1606\jars\wagon-file-3.5.3.jar
2023-07-06 20:34:22,107 [Worker-29: Launching mavenrun-53d2d193-9a6a-4dbc-8f20-6e7067578933] INFO  o.eclipse.m2e.core.internal.Bundles - 	Entry: C:\Users\SCOREME-LT-ANANT\.p2\pool\plugins\org.eclipse.m2e.maven.runtime_3.8.701.20230209-1606\jars\wagon-provider-api-3.5.3.jar
2023-07-06 20:34:22,109 [Worker-29: Launching mavenrun-53d2d193-9a6a-4dbc-8f20-6e7067578933] INFO  o.eclipse.m2e.core.internal.Bundles - getClasspathEntries(Bundle=com.google.guava_31.1.0.jre [9])
2023-07-06 20:34:22,110 [Worker-29: Launching mavenrun-53d2d193-9a6a-4dbc-8f20-6e7067578933] INFO  o.eclipse.m2e.core.internal.Bundles - 	Entry: C:\Users\SCOREME-LT-ANANT\.p2\pool\plugins\com.google.guava_31.1.0.jre.jar
2023-07-06 20:34:22,110 [Worker-29: Launching mavenrun-53d2d193-9a6a-4dbc-8f20-6e7067578933] INFO  o.eclipse.m2e.core.internal.Bundles - getClasspathEntries(Bundle=slf4j.api_1.7.36 [441])
2023-07-06 20:34:22,289 [Worker-29: Launching mavenrun-53d2d193-9a6a-4dbc-8f20-6e7067578933] INFO  o.eclipse.m2e.core.internal.Bundles - 	Entry: C:\Users\SCOREME-LT-ANANT\.p2\pool\plugins\slf4j.api_1.7.36.jar
2023-07-06 20:34:22,289 [Worker-29: Launching mavenrun-53d2d193-9a6a-4dbc-8f20-6e7067578933] INFO  o.eclipse.m2e.core.internal.Bundles - getClasspathEntries(Bundle=javax.inject_1.0.0.v20220405-0441 [21])
2023-07-06 20:34:22,426 [Worker-29: Launching mavenrun-53d2d193-9a6a-4dbc-8f20-6e7067578933] INFO  o.eclipse.m2e.core.internal.Bundles - 	Entry: C:\Users\SCOREME-LT-ANANT\.p2\pool\plugins\javax.inject_1.0.0.v20220405-0441.jar
2023-07-06 20:34:22,426 [Worker-29: Launching mavenrun-53d2d193-9a6a-4dbc-8f20-6e7067578933] INFO  o.eclipse.m2e.core.internal.Bundles - getClasspathEntries(Bundle=javax.annotation_1.3.5.v20221203-1659 [19])
2023-07-06 20:34:22,615 [Worker-29: Launching mavenrun-53d2d193-9a6a-4dbc-8f20-6e7067578933] INFO  o.eclipse.m2e.core.internal.Bundles - 	Entry: C:\Users\SCOREME-LT-ANANT\.p2\pool\plugins\javax.annotation_1.3.5.v20221203-1659.jar
2023-07-06 20:34:22,615 [Worker-29: Launching mavenrun-53d2d193-9a6a-4dbc-8f20-6e7067578933] INFO  o.eclipse.m2e.core.internal.Bundles - getClasspathEntries(Bundle=org.apache.commons.cli_1.4.0.v20221112-0806 [41])
2023-07-06 20:34:22,615 [Worker-29: Launching mavenrun-53d2d193-9a6a-4dbc-8f20-6e7067578933] INFO  o.eclipse.m2e.core.internal.Bundles - 	Entry: C:\Users\SCOREME-LT-ANANT\.p2\pool\plugins\org.apache.commons.cli_1.4.0.v20221112-0806.jar
2023-07-06 20:34:22,615 [Worker-29: Launching mavenrun-53d2d193-9a6a-4dbc-8f20-6e7067578933] INFO  o.eclipse.m2e.core.internal.Bundles - getClasspathEntries(Bundle=com.google.guava.failureaccess_1.0.1 [11])
2023-07-06 20:34:22,676 [Worker-29: Launching mavenrun-53d2d193-9a6a-4dbc-8f20-6e7067578933] INFO  o.eclipse.m2e.core.internal.Bundles - 	Entry: C:\Users\SCOREME-LT-ANANT\.p2\pool\plugins\com.google.guava.failureaccess_1.0.1.jar
2023-07-06 20:34:22,824 [Worker-29: Launching mavenrun-53d2d193-9a6a-4dbc-8f20-6e7067578933] INFO  o.e.m.i.launch.MavenLaunchDelegate - Run build in "C:\Users\SCOREM~2\AppData\Local\Temp\m2e-archetypeGenerator114791417964156831":
2023-07-06 20:34:22,826 [Worker-29: Launching mavenrun-53d2d193-9a6a-4dbc-8f20-6e7067578933] INFO  o.e.m.i.launch.MavenLaunchDelegate -  mvn  -DarchetypeGroupId=com.github.ywchang -DarchetypeArtifactId=maven-archetype-quickstart -DarchetypeVersion=1.1 -DgroupId=frame -DartifactId=frame -Dversion=0.0.1-SNAPSHOT -Dpackage=frame.frame -DoutputDirectory=C:\Users\SCOREME-LT-ANANT\Downloads\software\framework -Dstyle.color=always -U archetype:generate
2023-07-06 20:36:53,789 [Worker-34: Creating maven-archetype-quickstart] INFO  o.e.m.c.i.p.ProjectConfigurationManager - Collecting project info '/pom.xml' C:\Users\SCOREME-LT-ANANT\Downloads\software\framework\frame\pom.xml
2023-07-06 20:36:57,410 [Worker-34: Creating maven-archetype-quickstart] INFO  o.e.m.c.i.l.LifecycleMappingFactory - Using org.eclipse.m2e.jdt.JarLifecycleMapping lifecycle mapping for MavenProject: frame:frame:0.0.1-SNAPSHOT @ C:\Users\SCOREME-LT-ANANT\Downloads\software\framework\frame\pom.xml.
2023-07-06 20:36:58,663 [Worker-34: Creating maven-archetype-quickstart] INFO  o.e.m.j.i.AbstractJavaProjectConfigurator - Adding source folder /frame/src/main/java
2023-07-06 20:36:58,676 [Worker-34: Creating maven-archetype-quickstart] INFO  o.e.m.j.i.AbstractJavaProjectConfigurator - Adding source folder /frame/src/test/java
2023-07-06 20:36:59,133 [Worker-34: Creating maven-archetype-quickstart] INFO  o.e.m.c.i.p.ProjectConfigurationManager - Imported and configured 1 project(s) in 5 sec
2023-07-06 20:37:00,925 [Worker-36: Building] INFO  o.e.m.c.i.embedder.EclipseLogger - Using 'UTF-8' encoding to copy filtered resources.
2023-07-06 20:37:00,925 [Worker-36: Building] INFO  o.e.m.c.i.embedder.EclipseLogger - skip non existing resourceDirectory C:\Users\SCOREME-LT-ANANT\Downloads\software\framework\frame\src\main\resources
2023-07-06 20:37:00,930 [Worker-36: Building] INFO  o.e.m.c.i.embedder.EclipseLogger - Using 'UTF-8' encoding to copy filtered resources.
2023-07-06 20:37:00,930 [Worker-36: Building] INFO  o.e.m.c.i.embedder.EclipseLogger - skip non existing resourceDirectory C:\Users\SCOREME-LT-ANANT\Downloads\software\framework\frame\src\test\resources
2023-07-06 20:41:18,831 [Worker-5: Loading available Gradle versions] INFO  o.e.b.c.i.u.g.PublishedGradleVersions - Gradle version information cache is up-to-date. Trying to read.
2023-07-06 20:45:00,034 [Worker-22: Launching mavenrun-2d6f9982-db2b-4675-a539-dfe6fe7c208e] INFO  o.eclipse.m2e.core.internal.Bundles - getClasspathEntries(Bundle=org.eclipse.m2e.maven.runtime_3.8.701.20230209-1606 [273])
2023-07-06 20:45:00,039 [Worker-22: Launching mavenrun-2d6f9982-db2b-4675-a539-dfe6fe7c208e] INFO  o.eclipse.m2e.core.internal.Bundles - 	Entry: C:\Users\SCOREME-LT-ANANT\.p2\pool\plugins\org.eclipse.m2e.maven.runtime_3.8.701.20230209-1606
2023-07-06 20:45:00,039 [Worker-22: Launching mavenrun-2d6f9982-db2b-4675-a539-dfe6fe7c208e] INFO  o.eclipse.m2e.core.internal.Bundles - 	Entry: C:\Users\SCOREME-LT-ANANT\.p2\pool\plugins\org.eclipse.m2e.maven.runtime_3.8.701.20230209-1606\jars\aether-connector-okhttp-0.17.8.jar
2023-07-06 20:45:00,039 [Worker-22: Launching mavenrun-2d6f9982-db2b-4675-a539-dfe6fe7c208e] INFO  o.eclipse.m2e.core.internal.Bundles - 	Entry: C:\Users\SCOREME-LT-ANANT\.p2\pool\plugins\org.eclipse.m2e.maven.runtime_3.8.701.20230209-1606\jars\commons-lang3-3.8.1.jar
2023-07-06 20:45:00,040 [Worker-22: Launching mavenrun-2d6f9982-db2b-4675-a539-dfe6fe7c208e] INFO  o.eclipse.m2e.core.internal.Bundles - 	Entry: C:\Users\SCOREME-LT-ANANT\.p2\pool\plugins\org.eclipse.m2e.maven.runtime_3.8.701.20230209-1606\jars\guice-4.2.2-no_aop.jar
2023-07-06 20:45:00,040 [Worker-22: Launching mavenrun-2d6f9982-db2b-4675-a539-dfe6fe7c208e] INFO  o.eclipse.m2e.core.internal.Bundles - 	Entry: C:\Users\SCOREME-LT-ANANT\.p2\pool\plugins\org.eclipse.m2e.maven.runtime_3.8.701.20230209-1606\jars\jansi-2.4.0.jar
2023-07-06 20:45:00,040 [Worker-22: Launching mavenrun-2d6f9982-db2b-4675-a539-dfe6fe7c208e] INFO  o.eclipse.m2e.core.internal.Bundles - 	Entry: C:\Users\SCOREME-LT-ANANT\.p2\pool\plugins\org.eclipse.m2e.maven.runtime_3.8.701.20230209-1606\jars\maven-artifact-3.8.7.jar
2023-07-06 20:45:00,040 [Worker-22: Launching mavenrun-2d6f9982-db2b-4675-a539-dfe6fe7c208e] INFO  o.eclipse.m2e.core.internal.Bundles - 	Entry: C:\Users\SCOREME-LT-ANANT\.p2\pool\plugins\org.eclipse.m2e.maven.runtime_3.8.701.20230209-1606\jars\maven-builder-support-3.8.7.jar
2023-07-06 20:45:00,040 [Worker-22: Launching mavenrun-2d6f9982-db2b-4675-a539-dfe6fe7c208e] INFO  o.eclipse.m2e.core.internal.Bundles - 	Entry: C:\Users\SCOREME-LT-ANANT\.p2\pool\plugins\org.eclipse.m2e.maven.runtime_3.8.701.20230209-1606\jars\maven-compat-3.8.7.jar
2023-07-06 20:45:00,040 [Worker-22: Launching mavenrun-2d6f9982-db2b-4675-a539-dfe6fe7c208e] INFO  o.eclipse.m2e.core.internal.Bundles - 	Entry: C:\Users\SCOREME-LT-ANANT\.p2\pool\plugins\org.eclipse.m2e.maven.runtime_3.8.701.20230209-1606\jars\maven-core-3.8.7.jar
2023-07-06 20:45:00,041 [Worker-22: Launching mavenrun-2d6f9982-db2b-4675-a539-dfe6fe7c208e] INFO  o.eclipse.m2e.core.internal.Bundles - 	Entry: C:\Users\SCOREME-LT-ANANT\.p2\pool\plugins\org.eclipse.m2e.maven.runtime_3.8.701.20230209-1606\jars\maven-embedder-3.8.7.jar
2023-07-06 20:45:00,041 [Worker-22: Launching mavenrun-2d6f9982-db2b-4675-a539-dfe6fe7c208e] INFO  o.eclipse.m2e.core.internal.Bundles - 	Entry: C:\Users\SCOREME-LT-ANANT\.p2\pool\plugins\org.eclipse.m2e.maven.runtime_3.8.701.20230209-1606\jars\maven-model-3.8.7.jar
2023-07-06 20:45:00,041 [Worker-22: Launching mavenrun-2d6f9982-db2b-4675-a539-dfe6fe7c208e] INFO  o.eclipse.m2e.core.internal.Bundles - 	Entry: C:\Users\SCOREME-LT-ANANT\.p2\pool\plugins\org.eclipse.m2e.maven.runtime_3.8.701.20230209-1606\jars\maven-model-builder-3.8.7.jar
2023-07-06 20:45:00,041 [Worker-22: Launching mavenrun-2d6f9982-db2b-4675-a539-dfe6fe7c208e] INFO  o.eclipse.m2e.core.internal.Bundles - 	Entry: C:\Users\SCOREME-LT-ANANT\.p2\pool\plugins\org.eclipse.m2e.maven.runtime_3.8.701.20230209-1606\jars\maven-plugin-api-3.8.7.jar
2023-07-06 20:45:00,041 [Worker-22: Launching mavenrun-2d6f9982-db2b-4675-a539-dfe6fe7c208e] INFO  o.eclipse.m2e.core.internal.Bundles - 	Entry: C:\Users\SCOREME-LT-ANANT\.p2\pool\plugins\org.eclipse.m2e.maven.runtime_3.8.701.20230209-1606\jars\maven-repository-metadata-3.8.7.jar
2023-07-06 20:45:00,041 [Worker-22: Launching mavenrun-2d6f9982-db2b-4675-a539-dfe6fe7c208e] INFO  o.eclipse.m2e.core.internal.Bundles - 	Entry: C:\Users\SCOREME-LT-ANANT\.p2\pool\plugins\org.eclipse.m2e.maven.runtime_3.8.701.20230209-1606\jars\maven-resolver-api-1.6.3.jar
2023-07-06 20:45:00,041 [Worker-22: Launching mavenrun-2d6f9982-db2b-4675-a539-dfe6fe7c208e] INFO  o.eclipse.m2e.core.internal.Bundles - 	Entry: C:\Users\SCOREME-LT-ANANT\.p2\pool\plugins\org.eclipse.m2e.maven.runtime_3.8.701.20230209-1606\jars\maven-resolver-connector-basic-1.6.3.jar
2023-07-06 20:45:00,042 [Worker-22: Launching mavenrun-2d6f9982-db2b-4675-a539-dfe6fe7c208e] INFO  o.eclipse.m2e.core.internal.Bundles - 	Entry: C:\Users\SCOREME-LT-ANANT\.p2\pool\plugins\org.eclipse.m2e.maven.runtime_3.8.701.20230209-1606\jars\maven-resolver-impl-1.6.3.jar
2023-07-06 20:45:00,042 [Worker-22: Launching mavenrun-2d6f9982-db2b-4675-a539-dfe6fe7c208e] INFO  o.eclipse.m2e.core.internal.Bundles - 	Entry: C:\Users\SCOREME-LT-ANANT\.p2\pool\plugins\org.eclipse.m2e.maven.runtime_3.8.701.20230209-1606\jars\maven-resolver-provider-3.8.7.jar
2023-07-06 20:45:00,042 [Worker-22: Launching mavenrun-2d6f9982-db2b-4675-a539-dfe6fe7c208e] INFO  o.eclipse.m2e.core.internal.Bundles - 	Entry: C:\Users\SCOREME-LT-ANANT\.p2\pool\plugins\org.eclipse.m2e.maven.runtime_3.8.701.20230209-1606\jars\maven-resolver-spi-1.6.3.jar
2023-07-06 20:45:00,042 [Worker-22: Launching mavenrun-2d6f9982-db2b-4675-a539-dfe6fe7c208e] INFO  o.eclipse.m2e.core.internal.Bundles - 	Entry: C:\Users\SCOREME-LT-ANANT\.p2\pool\plugins\org.eclipse.m2e.maven.runtime_3.8.701.20230209-1606\jars\maven-resolver-transport-wagon-1.6.3.jar
2023-07-06 20:45:00,042 [Worker-22: Launching mavenrun-2d6f9982-db2b-4675-a539-dfe6fe7c208e] INFO  o.eclipse.m2e.core.internal.Bundles - 	Entry: C:\Users\SCOREME-LT-ANANT\.p2\pool\plugins\org.eclipse.m2e.maven.runtime_3.8.701.20230209-1606\jars\maven-resolver-util-1.6.3.jar
2023-07-06 20:45:00,042 [Worker-22: Launching mavenrun-2d6f9982-db2b-4675-a539-dfe6fe7c208e] INFO  o.eclipse.m2e.core.internal.Bundles - 	Entry: C:\Users\SCOREME-LT-ANANT\.p2\pool\plugins\org.eclipse.m2e.maven.runtime_3.8.701.20230209-1606\jars\maven-settings-3.8.7.jar
2023-07-06 20:45:00,043 [Worker-22: Launching mavenrun-2d6f9982-db2b-4675-a539-dfe6fe7c208e] INFO  o.eclipse.m2e.core.internal.Bundles - 	Entry: C:\Users\SCOREME-LT-ANANT\.p2\pool\plugins\org.eclipse.m2e.maven.runtime_3.8.701.20230209-1606\jars\maven-settings-builder-3.8.7.jar
2023-07-06 20:45:00,043 [Worker-22: Launching mavenrun-2d6f9982-db2b-4675-a539-dfe6fe7c208e] INFO  o.eclipse.m2e.core.internal.Bundles - 	Entry: C:\Users\SCOREME-LT-ANANT\.p2\pool\plugins\org.eclipse.m2e.maven.runtime_3.8.701.20230209-1606\jars\maven-shared-utils-3.3.4.jar
2023-07-06 20:45:00,043 [Worker-22: Launching mavenrun-2d6f9982-db2b-4675-a539-dfe6fe7c208e] INFO  o.eclipse.m2e.core.internal.Bundles - 	Entry: C:\Users\SCOREME-LT-ANANT\.p2\pool\plugins\org.eclipse.m2e.maven.runtime_3.8.701.20230209-1606\jars\okhttp-3.14.1.jar
2023-07-06 20:45:00,043 [Worker-22: Launching mavenrun-2d6f9982-db2b-4675-a539-dfe6fe7c208e] INFO  o.eclipse.m2e.core.internal.Bundles - 	Entry: C:\Users\SCOREME-LT-ANANT\.p2\pool\plugins\org.eclipse.m2e.maven.runtime_3.8.701.20230209-1606\jars\okio-1.17.3.jar
2023-07-06 20:45:00,043 [Worker-22: Launching mavenrun-2d6f9982-db2b-4675-a539-dfe6fe7c208e] INFO  o.eclipse.m2e.core.internal.Bundles - 	Entry: C:\Users\SCOREME-LT-ANANT\.p2\pool\plugins\org.eclipse.m2e.maven.runtime_3.8.701.20230209-1606\jars\org.eclipse.sisu.inject-0.3.5.jar
2023-07-06 20:45:00,043 [Worker-22: Launching mavenrun-2d6f9982-db2b-4675-a539-dfe6fe7c208e] INFO  o.eclipse.m2e.core.internal.Bundles - 	Entry: C:\Users\SCOREME-LT-ANANT\.p2\pool\plugins\org.eclipse.m2e.maven.runtime_3.8.701.20230209-1606\jars\org.eclipse.sisu.plexus-0.3.5.jar
2023-07-06 20:45:00,043 [Worker-22: Launching mavenrun-2d6f9982-db2b-4675-a539-dfe6fe7c208e] INFO  o.eclipse.m2e.core.internal.Bundles - 	Entry: C:\Users\SCOREME-LT-ANANT\.p2\pool\plugins\org.eclipse.m2e.maven.runtime_3.8.701.20230209-1606\jars\plexus-build-api-0.0.7.jar
2023-07-06 20:45:00,044 [Worker-22: Launching mavenrun-2d6f9982-db2b-4675-a539-dfe6fe7c208e] INFO  o.eclipse.m2e.core.internal.Bundles - 	Entry: C:\Users\SCOREME-LT-ANANT\.p2\pool\plugins\org.eclipse.m2e.maven.runtime_3.8.701.20230209-1606\jars\plexus-cipher-2.0.jar
2023-07-06 20:45:00,044 [Worker-22: Launching mavenrun-2d6f9982-db2b-4675-a539-dfe6fe7c208e] INFO  o.eclipse.m2e.core.internal.Bundles - 	Entry: C:\Users\SCOREME-LT-ANANT\.p2\pool\plugins\org.eclipse.m2e.maven.runtime_3.8.701.20230209-1606\jars\plexus-classworlds-2.6.0.jar
2023-07-06 20:45:00,044 [Worker-22: Launching mavenrun-2d6f9982-db2b-4675-a539-dfe6fe7c208e] INFO  o.eclipse.m2e.core.internal.Bundles - 	Entry: C:\Users\SCOREME-LT-ANANT\.p2\pool\plugins\org.eclipse.m2e.maven.runtime_3.8.701.20230209-1606\jars\plexus-component-annotations-2.1.0.jar
2023-07-06 20:45:00,044 [Worker-22: Launching mavenrun-2d6f9982-db2b-4675-a539-dfe6fe7c208e] INFO  o.eclipse.m2e.core.internal.Bundles - 	Entry: C:\Users\SCOREME-LT-ANANT\.p2\pool\plugins\org.eclipse.m2e.maven.runtime_3.8.701.20230209-1606\jars\plexus-interpolation-1.26.jar
2023-07-06 20:45:00,044 [Worker-22: Launching mavenrun-2d6f9982-db2b-4675-a539-dfe6fe7c208e] INFO  o.eclipse.m2e.core.internal.Bundles - 	Entry: C:\Users\SCOREME-LT-ANANT\.p2\pool\plugins\org.eclipse.m2e.maven.runtime_3.8.701.20230209-1606\jars\plexus-sec-dispatcher-2.0.jar
2023-07-06 20:45:00,044 [Worker-22: Launching mavenrun-2d6f9982-db2b-4675-a539-dfe6fe7c208e] INFO  o.eclipse.m2e.core.internal.Bundles - 	Entry: C:\Users\SCOREME-LT-ANANT\.p2\pool\plugins\org.eclipse.m2e.maven.runtime_3.8.701.20230209-1606\jars\plexus-utils-3.3.1.jar
2023-07-06 20:45:00,045 [Worker-22: Launching mavenrun-2d6f9982-db2b-4675-a539-dfe6fe7c208e] INFO  o.eclipse.m2e.core.internal.Bundles - 	Entry: C:\Users\SCOREME-LT-ANANT\.p2\pool\plugins\org.eclipse.m2e.maven.runtime_3.8.701.20230209-1606\jars\wagon-file-3.5.3.jar
2023-07-06 20:45:00,045 [Worker-22: Launching mavenrun-2d6f9982-db2b-4675-a539-dfe6fe7c208e] INFO  o.eclipse.m2e.core.internal.Bundles - 	Entry: C:\Users\SCOREME-LT-ANANT\.p2\pool\plugins\org.eclipse.m2e.maven.runtime_3.8.701.20230209-1606\jars\wagon-provider-api-3.5.3.jar
2023-07-06 20:45:00,046 [Worker-22: Launching mavenrun-2d6f9982-db2b-4675-a539-dfe6fe7c208e] INFO  o.eclipse.m2e.core.internal.Bundles - getClasspathEntries(Bundle=com.google.guava_31.1.0.jre [9])
2023-07-06 20:45:00,047 [Worker-22: Launching mavenrun-2d6f9982-db2b-4675-a539-dfe6fe7c208e] INFO  o.eclipse.m2e.core.internal.Bundles - 	Entry: C:\Users\SCOREME-LT-ANANT\.p2\pool\plugins\com.google.guava_31.1.0.jre.jar
2023-07-06 20:45:00,047 [Worker-22: Launching mavenrun-2d6f9982-db2b-4675-a539-dfe6fe7c208e] INFO  o.eclipse.m2e.core.internal.Bundles - getClasspathEntries(Bundle=slf4j.api_1.7.36 [441])
2023-07-06 20:45:00,048 [Worker-22: Launching mavenrun-2d6f9982-db2b-4675-a539-dfe6fe7c208e] INFO  o.eclipse.m2e.core.internal.Bundles - 	Entry: C:\Users\SCOREME-LT-ANANT\.p2\pool\plugins\slf4j.api_1.7.36.jar
2023-07-06 20:45:00,048 [Worker-22: Launching mavenrun-2d6f9982-db2b-4675-a539-dfe6fe7c208e] INFO  o.eclipse.m2e.core.internal.Bundles - getClasspathEntries(Bundle=javax.inject_1.0.0.v20220405-0441 [21])
2023-07-06 20:45:00,049 [Worker-22: Launching mavenrun-2d6f9982-db2b-4675-a539-dfe6fe7c208e] INFO  o.eclipse.m2e.core.internal.Bundles - 	Entry: C:\Users\SCOREME-LT-ANANT\.p2\pool\plugins\javax.inject_1.0.0.v20220405-0441.jar
2023-07-06 20:45:00,049 [Worker-22: Launching mavenrun-2d6f9982-db2b-4675-a539-dfe6fe7c208e] INFO  o.eclipse.m2e.core.internal.Bundles - getClasspathEntries(Bundle=javax.annotation_1.3.5.v20221203-1659 [19])
2023-07-06 20:45:00,050 [Worker-22: Launching mavenrun-2d6f9982-db2b-4675-a539-dfe6fe7c208e] INFO  o.eclipse.m2e.core.internal.Bundles - 	Entry: C:\Users\SCOREME-LT-ANANT\.p2\pool\plugins\javax.annotation_1.3.5.v20221203-1659.jar
2023-07-06 20:45:00,051 [Worker-22: Launching mavenrun-2d6f9982-db2b-4675-a539-dfe6fe7c208e] INFO  o.eclipse.m2e.core.internal.Bundles - getClasspathEntries(Bundle=org.apache.commons.cli_1.4.0.v20221112-0806 [41])
2023-07-06 20:45:00,052 [Worker-22: Launching mavenrun-2d6f9982-db2b-4675-a539-dfe6fe7c208e] INFO  o.eclipse.m2e.core.internal.Bundles - 	Entry: C:\Users\SCOREME-LT-ANANT\.p2\pool\plugins\org.apache.commons.cli_1.4.0.v20221112-0806.jar
2023-07-06 20:45:00,053 [Worker-22: Launching mavenrun-2d6f9982-db2b-4675-a539-dfe6fe7c208e] INFO  o.eclipse.m2e.core.internal.Bundles - getClasspathEntries(Bundle=com.google.guava.failureaccess_1.0.1 [11])
2023-07-06 20:45:00,053 [Worker-22: Launching mavenrun-2d6f9982-db2b-4675-a539-dfe6fe7c208e] INFO  o.eclipse.m2e.core.internal.Bundles - 	Entry: C:\Users\SCOREME-LT-ANANT\.p2\pool\plugins\com.google.guava.failureaccess_1.0.1.jar
2023-07-06 20:45:00,060 [Worker-22: Launching mavenrun-2d6f9982-db2b-4675-a539-dfe6fe7c208e] INFO  o.e.m.i.launch.MavenLaunchDelegate - Run build in "C:\Users\SCOREM~2\AppData\Local\Temp\m2e-archetypeGenerator2270852126725652368":
2023-07-06 20:45:00,062 [Worker-22: Launching mavenrun-2d6f9982-db2b-4675-a539-dfe6fe7c208e] INFO  o.e.m.i.launch.MavenLaunchDelegate -  mvn  -DarchetypeGroupId=com.github.ywchang -DarchetypeArtifactId=maven-archetype-quickstart -DarchetypeVersion=1.1 -DgroupId=maven -DartifactId=maven -Dversion=0.0.1-SNAPSHOT -Dpackage=maven.maven -DoutputDirectory=C:\Users\SCOREME-LT-ANANT\Downloads\software\framework -Dstyle.color=always -U archetype:generate
2023-07-06 22:23:46,140 [Worker-16: Creating maven-archetype-quickstart] INFO  o.e.m.c.i.p.ProjectConfigurationManager - Collecting project info '/pom.xml' C:\Users\SCOREME-LT-ANANT\Downloads\software\framework\maven\pom.xml
2023-07-06 22:23:46,955 [Worker-16: Creating maven-archetype-quickstart] INFO  o.e.m.c.i.l.LifecycleMappingFactory - Using org.eclipse.m2e.jdt.JarLifecycleMapping lifecycle mapping for MavenProject: maven:maven:0.0.1-SNAPSHOT @ C:\Users\SCOREME-LT-ANANT\Downloads\software\framework\maven\pom.xml.
2023-07-06 22:23:47,396 [Worker-16: Creating maven-archetype-quickstart] INFO  o.e.m.j.i.AbstractJavaProjectConfigurator - Adding source folder /maven/src/main/java
2023-07-06 22:23:47,402 [Worker-16: Creating maven-archetype-quickstart] INFO  o.e.m.j.i.AbstractJavaProjectConfigurator - Adding source folder /maven/src/test/java
2023-07-06 22:23:47,557 [Worker-16: Creating maven-archetype-quickstart] INFO  o.e.m.c.i.p.ProjectConfigurationManager - Imported and configured 1 project(s) in 1 sec
2023-07-06 22:23:48,708 [Worker-28: Building] INFO  o.e.m.c.i.embedder.EclipseLogger - Using 'UTF-8' encoding to copy filtered resources.
2023-07-06 22:23:48,708 [Worker-28: Building] INFO  o.e.m.c.i.embedder.EclipseLogger - skip non existing resourceDirectory C:\Users\SCOREME-LT-ANANT\Downloads\software\framework\maven\src\main\resources
2023-07-06 22:23:48,711 [Worker-28: Building] INFO  o.e.m.c.i.embedder.EclipseLogger - Using 'UTF-8' encoding to copy filtered resources.
2023-07-06 22:23:48,712 [Worker-28: Building] INFO  o.e.m.c.i.embedder.EclipseLogger - skip non existing resourceDirectory C:\Users\SCOREME-LT-ANANT\Downloads\software\framework\maven\src\test\resources
2023-07-07 19:38:40,440 [Worker-5: Loading available Gradle versions] INFO  o.e.b.c.i.u.g.PublishedGradleVersions - Gradle version information cache is out-of-date. Trying to update.
2023-07-07 20:22:23,124 [Worker-6: Loading available Gradle versions] INFO  o.e.b.c.i.u.g.PublishedGradleVersions - Gradle version information cache is up-to-date. Trying to read.
2023-07-08 23:38:22,755 [Worker-6: Loading available Gradle versions] INFO  o.e.b.c.i.u.g.PublishedGradleVersions - Gradle version information cache is out-of-date. Trying to update.
2023-07-08 23:39:26,984 [Worker-15: Building] INFO  o.e.m.c.i.embedder.EclipseLogger - Using 'UTF-8' encoding to copy filtered resources.
2023-07-08 23:39:26,985 [Worker-15: Building] INFO  o.e.m.c.i.embedder.EclipseLogger - skip non existing resourceDirectory C:\Users\SCOREME-LT-ANANT\Downloads\software\framework\maven\src\main\resources
2023-07-08 23:39:26,989 [Worker-15: Building] INFO  o.e.m.c.i.embedder.EclipseLogger - Using 'UTF-8' encoding to copy filtered resources.
2023-07-08 23:39:26,989 [Worker-15: Building] INFO  o.e.m.c.i.embedder.EclipseLogger - skip non existing resourceDirectory C:\Users\SCOREME-LT-ANANT\Downloads\software\framework\maven\src\test\resources
2023-07-08 23:42:14,360 [Worker-16: Building] INFO  o.e.m.c.i.embedder.EclipseLogger - Using 'UTF-8' encoding to copy filtered resources.
2023-07-08 23:42:14,361 [Worker-16: Building] INFO  o.e.m.c.i.embedder.EclipseLogger - skip non existing resourceDirectory C:\Users\SCOREME-LT-ANANT\Downloads\software\framework\maven\src\main\resources
2023-07-08 23:42:14,364 [Worker-16: Building] INFO  o.e.m.c.i.embedder.EclipseLogger - Using 'UTF-8' encoding to copy filtered resources.
2023-07-08 23:42:14,364 [Worker-16: Building] INFO  o.e.m.c.i.embedder.EclipseLogger - skip non existing resourceDirectory C:\Users\SCOREME-LT-ANANT\Downloads\software\framework\maven\src\test\resources
2023-07-08 23:44:00,040 [Worker-20: Launching Java] INFO  o.e.m.c.i.embedder.EclipseLogger - Using 'UTF-8' encoding to copy filtered resources.
2023-07-08 23:44:00,040 [Worker-20: Launching Java] INFO  o.e.m.c.i.embedder.EclipseLogger - skip non existing resourceDirectory C:\Users\SCOREME-LT-ANANT\Downloads\software\framework\maven\src\main\resources
2023-07-08 23:44:00,044 [Worker-20: Launching Java] INFO  o.e.m.c.i.embedder.EclipseLogger - Using 'UTF-8' encoding to copy filtered resources.
2023-07-08 23:44:00,045 [Worker-20: Launching Java] INFO  o.e.m.c.i.embedder.EclipseLogger - skip non existing resourceDirectory C:\Users\SCOREME-LT-ANANT\Downloads\software\framework\maven\src\test\resources
2023-07-09 00:03:52,150 [Worker-11: Launching Java] INFO  o.e.m.c.i.embedder.EclipseLogger - Using 'UTF-8' encoding to copy filtered resources.
2023-07-09 00:03:52,150 [Worker-11: Launching Java] INFO  o.e.m.c.i.embedder.EclipseLogger - skip non existing resourceDirectory C:\Users\SCOREME-LT-ANANT\Downloads\software\framework\maven\src\main\resources
2023-07-09 00:03:52,155 [Worker-11: Launching Java] INFO  o.e.m.c.i.embedder.EclipseLogger - Using 'UTF-8' encoding to copy filtered resources.
2023-07-09 00:03:52,155 [Worker-11: Launching Java] INFO  o.e.m.c.i.embedder.EclipseLogger - skip non existing resourceDirectory C:\Users\SCOREME-LT-ANANT\Downloads\software\framework\maven\src\test\resources
2023-07-09 00:04:46,518 [Worker-11: Launching Java] INFO  o.e.m.c.i.embedder.EclipseLogger - Using 'UTF-8' encoding to copy filtered resources.
2023-07-09 00:04:46,519 [Worker-11: Launching Java] INFO  o.e.m.c.i.embedder.EclipseLogger - skip non existing resourceDirectory C:\Users\SCOREME-LT-ANANT\Downloads\software\framework\maven\src\main\resources
2023-07-09 00:04:46,523 [Worker-11: Launching Java] INFO  o.e.m.c.i.embedder.EclipseLogger - Using 'UTF-8' encoding to copy filtered resources.
2023-07-09 00:04:46,523 [Worker-11: Launching Java] INFO  o.e.m.c.i.embedder.EclipseLogger - skip non existing resourceDirectory C:\Users\SCOREME-LT-ANANT\Downloads\software\framework\maven\src\test\resources
2023-07-09 00:05:56,457 [Worker-25: Launching Java] INFO  o.e.m.c.i.embedder.EclipseLogger - Using 'UTF-8' encoding to copy filtered resources.
2023-07-09 00:05:56,457 [Worker-25: Launching Java] INFO  o.e.m.c.i.embedder.EclipseLogger - skip non existing resourceDirectory C:\Users\SCOREME-LT-ANANT\Downloads\software\framework\maven\src\main\resources
2023-07-09 00:05:56,460 [Worker-25: Launching Java] INFO  o.e.m.c.i.embedder.EclipseLogger - Using 'UTF-8' encoding to copy filtered resources.
2023-07-09 00:05:56,462 [Worker-25: Launching Java] INFO  o.e.m.c.i.embedder.EclipseLogger - skip non existing resourceDirectory C:\Users\SCOREME-LT-ANANT\Downloads\software\framework\maven\src\test\resources
2023-07-09 00:08:33,433 [Worker-24: Launching Java] INFO  o.e.m.c.i.embedder.EclipseLogger - Using 'UTF-8' encoding to copy filtered resources.
2023-07-09 00:08:33,433 [Worker-24: Launching Java] INFO  o.e.m.c.i.embedder.EclipseLogger - skip non existing resourceDirectory C:\Users\SCOREME-LT-ANANT\Downloads\software\framework\maven\src\main\resources
2023-07-09 00:08:33,437 [Worker-24: Launching Java] INFO  o.e.m.c.i.embedder.EclipseLogger - Using 'UTF-8' encoding to copy filtered resources.
2023-07-09 00:08:33,438 [Worker-24: Launching Java] INFO  o.e.m.c.i.embedder.EclipseLogger - skip non existing resourceDirectory C:\Users\SCOREME-LT-ANANT\Downloads\software\framework\maven\src\test\resources
2023-07-09 00:08:57,258 [Worker-25: Launching Java] INFO  o.e.m.c.i.embedder.EclipseLogger - Using 'UTF-8' encoding to copy filtered resources.
2023-07-09 00:08:57,258 [Worker-25: Launching Java] INFO  o.e.m.c.i.embedder.EclipseLogger - skip non existing resourceDirectory C:\Users\SCOREME-LT-ANANT\Downloads\software\framework\maven\src\main\resources
2023-07-09 00:08:57,262 [Worker-25: Launching Java] INFO  o.e.m.c.i.embedder.EclipseLogger - Using 'UTF-8' encoding to copy filtered resources.
2023-07-09 00:08:57,263 [Worker-25: Launching Java] INFO  o.e.m.c.i.embedder.EclipseLogger - skip non existing resourceDirectory C:\Users\SCOREME-LT-ANANT\Downloads\software\framework\maven\src\test\resources
2023-07-09 00:09:22,133 [Worker-25: Launching Java] INFO  o.e.m.c.i.embedder.EclipseLogger - Using 'UTF-8' encoding to copy filtered resources.
2023-07-09 00:09:22,134 [Worker-25: Launching Java] INFO  o.e.m.c.i.embedder.EclipseLogger - skip non existing resourceDirectory C:\Users\SCOREME-LT-ANANT\Downloads\software\framework\maven\src\main\resources
2023-07-09 00:09:22,138 [Worker-25: Launching Java] INFO  o.e.m.c.i.embedder.EclipseLogger - Using 'UTF-8' encoding to copy filtered resources.
2023-07-09 00:09:22,139 [Worker-25: Launching Java] INFO  o.e.m.c.i.embedder.EclipseLogger - skip non existing resourceDirectory C:\Users\SCOREME-LT-ANANT\Downloads\software\framework\maven\src\test\resources
2023-07-09 20:58:51,232 [Worker-6: Loading available Gradle versions] INFO  o.e.b.c.i.u.g.PublishedGradleVersions - Gradle version information cache is up-to-date. Trying to read.
2023-07-09 21:02:42,924 [Worker-7: Launching Java] INFO  o.e.m.c.i.embedder.EclipseLogger - Using 'UTF-8' encoding to copy filtered resources.
2023-07-09 21:02:42,926 [Worker-7: Launching Java] INFO  o.e.m.c.i.embedder.EclipseLogger - skip non existing resourceDirectory C:\Users\SCOREME-LT-ANANT\Downloads\software\framework\maven\src\main\resources
2023-07-09 21:02:42,930 [Worker-7: Launching Java] INFO  o.e.m.c.i.embedder.EclipseLogger - Using 'UTF-8' encoding to copy filtered resources.
2023-07-09 21:02:42,930 [Worker-7: Launching Java] INFO  o.e.m.c.i.embedder.EclipseLogger - skip non existing resourceDirectory C:\Users\SCOREME-LT-ANANT\Downloads\software\framework\maven\src\test\resources
2023-07-09 21:39:15,463 [Worker-30: Launching Java] INFO  o.e.m.c.i.embedder.EclipseLogger - Using 'UTF-8' encoding to copy filtered resources.
2023-07-09 21:39:15,464 [Worker-30: Launching Java] INFO  o.e.m.c.i.embedder.EclipseLogger - skip non existing resourceDirectory C:\Users\SCOREME-LT-ANANT\Downloads\software\framework\maven\src\main\resources
2023-07-09 21:39:15,468 [Worker-30: Launching Java] INFO  o.e.m.c.i.embedder.EclipseLogger - Using 'UTF-8' encoding to copy filtered resources.
2023-07-09 21:39:15,468 [Worker-30: Launching Java] INFO  o.e.m.c.i.embedder.EclipseLogger - skip non existing resourceDirectory C:\Users\SCOREME-LT-ANANT\Downloads\software\framework\maven\src\test\resources
2023-07-10 00:28:49,852 [Worker-1: Loading available Gradle versions] INFO  o.e.b.c.i.u.g.PublishedGradleVersions - Gradle version information cache is out-of-date. Trying to update.
2023-07-10 00:48:11,090 [Worker-27: Launching Java] INFO  o.e.m.c.i.embedder.EclipseLogger - Using 'UTF-8' encoding to copy filtered resources.
2023-07-10 00:48:11,164 [Worker-27: Launching Java] INFO  o.e.m.c.i.embedder.EclipseLogger - skip non existing resourceDirectory C:\Users\SCOREME-LT-ANANT\Downloads\software\framework\maven\src\main\resources
2023-07-10 00:48:11,166 [Worker-27: Launching Java] INFO  o.e.m.c.i.embedder.EclipseLogger - Using 'UTF-8' encoding to copy filtered resources.
2023-07-10 00:48:11,167 [Worker-27: Launching Java] INFO  o.e.m.c.i.embedder.EclipseLogger - skip non existing resourceDirectory C:\Users\SCOREME-LT-ANANT\Downloads\software\framework\maven\src\test\resources
2023-07-10 01:51:19,311 [Worker-42: Launching Java] INFO  o.e.m.c.i.embedder.EclipseLogger - Using 'UTF-8' encoding to copy filtered resources.
2023-07-10 01:51:19,312 [Worker-42: Launching Java] INFO  o.e.m.c.i.embedder.EclipseLogger - skip non existing resourceDirectory C:\Users\SCOREME-LT-ANANT\Downloads\software\framework\maven\src\main\resources
2023-07-10 01:51:19,316 [Worker-42: Launching Java] INFO  o.e.m.c.i.embedder.EclipseLogger - Using 'UTF-8' encoding to copy filtered resources.
2023-07-10 01:51:19,316 [Worker-42: Launching Java] INFO  o.e.m.c.i.embedder.EclipseLogger - skip non existing resourceDirectory C:\Users\SCOREME-LT-ANANT\Downloads\software\framework\maven\src\test\resources
2023-07-10 01:51:51,258 [Worker-44: Launching Java] INFO  o.e.m.c.i.embedder.EclipseLogger - Using 'UTF-8' encoding to copy filtered resources.
2023-07-10 01:51:51,258 [Worker-44: Launching Java] INFO  o.e.m.c.i.embedder.EclipseLogger - skip non existing resourceDirectory C:\Users\SCOREME-LT-ANANT\Downloads\software\framework\maven\src\main\resources
2023-07-10 01:51:51,262 [Worker-44: Launching Java] INFO  o.e.m.c.i.embedder.EclipseLogger - Using 'UTF-8' encoding to copy filtered resources.
2023-07-10 01:51:51,262 [Worker-44: Launching Java] INFO  o.e.m.c.i.embedder.EclipseLogger - skip non existing resourceDirectory C:\Users\SCOREME-LT-ANANT\Downloads\software\framework\maven\src\test\resources
2023-07-10 01:53:25,767 [Worker-43: Launching Java] INFO  o.e.m.c.i.embedder.EclipseLogger - Using 'UTF-8' encoding to copy filtered resources.
2023-07-10 01:53:25,768 [Worker-43: Launching Java] INFO  o.e.m.c.i.embedder.EclipseLogger - skip non existing resourceDirectory C:\Users\SCOREME-LT-ANANT\Downloads\software\framework\maven\src\main\resources
2023-07-10 01:53:25,772 [Worker-43: Launching Java] INFO  o.e.m.c.i.embedder.EclipseLogger - Using 'UTF-8' encoding to copy filtered resources.
2023-07-10 01:53:25,772 [Worker-43: Launching Java] INFO  o.e.m.c.i.embedder.EclipseLogger - skip non existing resourceDirectory C:\Users\SCOREME-LT-ANANT\Downloads\software\framework\maven\src\test\resources
2023-07-10 01:57:05,966 [Worker-48: Launching Java] INFO  o.e.m.c.i.embedder.EclipseLogger - Using 'UTF-8' encoding to copy filtered resources.
2023-07-10 01:57:05,966 [Worker-48: Launching Java] INFO  o.e.m.c.i.embedder.EclipseLogger - skip non existing resourceDirectory C:\Users\SCOREME-LT-ANANT\Downloads\software\framework\maven\src\main\resources
2023-07-10 01:57:05,970 [Worker-48: Launching Java] INFO  o.e.m.c.i.embedder.EclipseLogger - Using 'UTF-8' encoding to copy filtered resources.
2023-07-10 01:57:05,971 [Worker-48: Launching Java] INFO  o.e.m.c.i.embedder.EclipseLogger - skip non existing resourceDirectory C:\Users\SCOREME-LT-ANANT\Downloads\software\framework\maven\src\test\resources
2023-07-10 01:57:25,770 [Worker-49: Launching Java] INFO  o.e.m.c.i.embedder.EclipseLogger - Using 'UTF-8' encoding to copy filtered resources.
2023-07-10 01:57:25,771 [Worker-49: Launching Java] INFO  o.e.m.c.i.embedder.EclipseLogger - skip non existing resourceDirectory C:\Users\SCOREME-LT-ANANT\Downloads\software\framework\maven\src\main\resources
2023-07-10 01:57:25,774 [Worker-49: Launching Java] INFO  o.e.m.c.i.embedder.EclipseLogger - Using 'UTF-8' encoding to copy filtered resources.
2023-07-10 01:57:25,775 [Worker-49: Launching Java] INFO  o.e.m.c.i.embedder.EclipseLogger - skip non existing resourceDirectory C:\Users\SCOREME-LT-ANANT\Downloads\software\framework\maven\src\test\resources
2023-07-10 01:57:59,455 [Worker-46: Launching Java] INFO  o.e.m.c.i.embedder.EclipseLogger - Using 'UTF-8' encoding to copy filtered resources.
2023-07-10 01:57:59,456 [Worker-46: Launching Java] INFO  o.e.m.c.i.embedder.EclipseLogger - skip non existing resourceDirectory C:\Users\SCOREME-LT-ANANT\Downloads\software\framework\maven\src\main\resources
2023-07-10 01:57:59,460 [Worker-46: Launching Java] INFO  o.e.m.c.i.embedder.EclipseLogger - Using 'UTF-8' encoding to copy filtered resources.
2023-07-10 01:57:59,460 [Worker-46: Launching Java] INFO  o.e.m.c.i.embedder.EclipseLogger - skip non existing resourceDirectory C:\Users\SCOREME-LT-ANANT\Downloads\software\framework\maven\src\test\resources
2023-07-10 10:26:13,720 [Worker-1: Loading available Gradle versions] INFO  o.e.b.c.i.u.g.PublishedGradleVersions - Gradle version information cache is up-to-date. Trying to read.
2023-07-10 10:30:14,979 [Worker-3: Launching Java] INFO  o.e.m.c.i.embedder.EclipseLogger - Using 'UTF-8' encoding to copy filtered resources.
2023-07-10 10:30:14,981 [Worker-3: Launching Java] INFO  o.e.m.c.i.embedder.EclipseLogger - skip non existing resourceDirectory C:\Users\SCOREME-LT-ANANT\Downloads\software\framework\maven\src\main\resources
2023-07-10 10:30:14,983 [Worker-3: Launching Java] INFO  o.e.m.c.i.embedder.EclipseLogger - Using 'UTF-8' encoding to copy filtered resources.
2023-07-10 10:30:14,984 [Worker-3: Launching Java] INFO  o.e.m.c.i.embedder.EclipseLogger - skip non existing resourceDirectory C:\Users\SCOREME-LT-ANANT\Downloads\software\framework\maven\src\test\resources
2023-07-10 11:46:55,790 [Worker-36: Launching Java] INFO  o.e.m.c.i.embedder.EclipseLogger - Using 'UTF-8' encoding to copy filtered resources.
2023-07-10 11:46:55,791 [Worker-36: Launching Java] INFO  o.e.m.c.i.embedder.EclipseLogger - skip non existing resourceDirectory C:\Users\SCOREME-LT-ANANT\Downloads\software\framework\maven\src\main\resources
2023-07-10 11:46:55,797 [Worker-36: Launching Java] INFO  o.e.m.c.i.embedder.EclipseLogger - Using 'UTF-8' encoding to copy filtered resources.
2023-07-10 11:46:55,799 [Worker-36: Launching Java] INFO  o.e.m.c.i.embedder.EclipseLogger - skip non existing resourceDirectory C:\Users\SCOREME-LT-ANANT\Downloads\software\framework\maven\src\test\resources
2023-07-10 11:48:25,193 [Worker-47: Launching Java] INFO  o.e.m.c.i.embedder.EclipseLogger - Using 'UTF-8' encoding to copy filtered resources.
2023-07-10 11:48:25,193 [Worker-47: Launching Java] INFO  o.e.m.c.i.embedder.EclipseLogger - skip non existing resourceDirectory C:\Users\SCOREME-LT-ANANT\Downloads\software\framework\maven\src\main\resources
2023-07-10 11:48:25,198 [Worker-47: Launching Java] INFO  o.e.m.c.i.embedder.EclipseLogger - Using 'UTF-8' encoding to copy filtered resources.
2023-07-10 11:48:25,198 [Worker-47: Launching Java] INFO  o.e.m.c.i.embedder.EclipseLogger - skip non existing resourceDirectory C:\Users\SCOREME-LT-ANANT\Downloads\software\framework\maven\src\test\resources
2023-07-10 11:52:14,667 [Worker-51: Launching Java] INFO  o.e.m.c.i.embedder.EclipseLogger - Using 'UTF-8' encoding to copy filtered resources.
2023-07-10 11:52:14,667 [Worker-51: Launching Java] INFO  o.e.m.c.i.embedder.EclipseLogger - skip non existing resourceDirectory C:\Users\SCOREME-LT-ANANT\Downloads\software\framework\maven\src\main\resources
2023-07-10 11:52:14,672 [Worker-51: Launching Java] INFO  o.e.m.c.i.embedder.EclipseLogger - Using 'UTF-8' encoding to copy filtered resources.
2023-07-10 11:52:14,673 [Worker-51: Launching Java] INFO  o.e.m.c.i.embedder.EclipseLogger - skip non existing resourceDirectory C:\Users\SCOREME-LT-ANANT\Downloads\software\framework\maven\src\test\resources
2023-07-10 11:53:09,131 [Worker-53: Launching Java] INFO  o.e.m.c.i.embedder.EclipseLogger - Using 'UTF-8' encoding to copy filtered resources.
2023-07-10 11:53:09,132 [Worker-53: Launching Java] INFO  o.e.m.c.i.embedder.EclipseLogger - skip non existing resourceDirectory C:\Users\SCOREME-LT-ANANT\Downloads\software\framework\maven\src\main\resources
2023-07-10 11:53:09,135 [Worker-53: Launching Java] INFO  o.e.m.c.i.embedder.EclipseLogger - Using 'UTF-8' encoding to copy filtered resources.
2023-07-10 11:53:09,135 [Worker-53: Launching Java] INFO  o.e.m.c.i.embedder.EclipseLogger - skip non existing resourceDirectory C:\Users\SCOREME-LT-ANANT\Downloads\software\framework\maven\src\test\resources
2023-07-10 11:55:17,905 [Worker-48: Launching Java] INFO  o.e.m.c.i.embedder.EclipseLogger - Using 'UTF-8' encoding to copy filtered resources.
2023-07-10 11:55:17,906 [Worker-48: Launching Java] INFO  o.e.m.c.i.embedder.EclipseLogger - skip non existing resourceDirectory C:\Users\SCOREME-LT-ANANT\Downloads\software\framework\maven\src\main\resources
2023-07-10 11:55:17,909 [Worker-48: Launching Java] INFO  o.e.m.c.i.embedder.EclipseLogger - Using 'UTF-8' encoding to copy filtered resources.
2023-07-10 11:55:17,909 [Worker-48: Launching Java] INFO  o.e.m.c.i.embedder.EclipseLogger - skip non existing resourceDirectory C:\Users\SCOREME-LT-ANANT\Downloads\software\framework\maven\src\test\resources
2023-07-10 11:57:49,323 [Worker-55: Launching Java] INFO  o.e.m.c.i.embedder.EclipseLogger - Using 'UTF-8' encoding to copy filtered resources.
2023-07-10 11:57:49,323 [Worker-55: Launching Java] INFO  o.e.m.c.i.embedder.EclipseLogger - skip non existing resourceDirectory C:\Users\SCOREME-LT-ANANT\Downloads\software\framework\maven\src\main\resources
2023-07-10 11:57:49,326 [Worker-55: Launching Java] INFO  o.e.m.c.i.embedder.EclipseLogger - Using 'UTF-8' encoding to copy filtered resources.
2023-07-10 11:57:49,327 [Worker-55: Launching Java] INFO  o.e.m.c.i.embedder.EclipseLogger - skip non existing resourceDirectory C:\Users\SCOREME-LT-ANANT\Downloads\software\framework\maven\src\test\resources
2023-07-10 12:04:18,862 [Worker-63: Launching Java] INFO  o.e.m.c.i.embedder.EclipseLogger - Using 'UTF-8' encoding to copy filtered resources.
2023-07-10 12:04:18,863 [Worker-63: Launching Java] INFO  o.e.m.c.i.embedder.EclipseLogger - skip non existing resourceDirectory C:\Users\SCOREME-LT-ANANT\Downloads\software\framework\maven\src\main\resources
2023-07-10 12:04:18,866 [Worker-63: Launching Java] INFO  o.e.m.c.i.embedder.EclipseLogger - Using 'UTF-8' encoding to copy filtered resources.
2023-07-10 12:04:18,867 [Worker-63: Launching Java] INFO  o.e.m.c.i.embedder.EclipseLogger - skip non existing resourceDirectory C:\Users\SCOREME-LT-ANANT\Downloads\software\framework\maven\src\test\resources
2023-07-10 12:06:28,059 [Worker-67: Launching Java] INFO  o.e.m.c.i.embedder.EclipseLogger - Using 'UTF-8' encoding to copy filtered resources.
2023-07-10 12:06:28,060 [Worker-67: Launching Java] INFO  o.e.m.c.i.embedder.EclipseLogger - skip non existing resourceDirectory C:\Users\SCOREME-LT-ANANT\Downloads\software\framework\maven\src\main\resources
2023-07-10 12:06:28,063 [Worker-67: Launching Java] INFO  o.e.m.c.i.embedder.EclipseLogger - Using 'UTF-8' encoding to copy filtered resources.
2023-07-10 12:06:28,063 [Worker-67: Launching Java] INFO  o.e.m.c.i.embedder.EclipseLogger - skip non existing resourceDirectory C:\Users\SCOREME-LT-ANANT\Downloads\software\framework\maven\src\test\resources
2023-07-10 12:07:00,201 [Worker-58: Launching Java] INFO  o.e.m.c.i.embedder.EclipseLogger - Using 'UTF-8' encoding to copy filtered resources.
2023-07-10 12:07:00,201 [Worker-58: Launching Java] INFO  o.e.m.c.i.embedder.EclipseLogger - skip non existing resourceDirectory C:\Users\SCOREME-LT-ANANT\Downloads\software\framework\maven\src\main\resources
2023-07-10 12:07:00,203 [Worker-58: Launching Java] INFO  o.e.m.c.i.embedder.EclipseLogger - Using 'UTF-8' encoding to copy filtered resources.
2023-07-10 12:07:00,204 [Worker-58: Launching Java] INFO  o.e.m.c.i.embedder.EclipseLogger - skip non existing resourceDirectory C:\Users\SCOREME-LT-ANANT\Downloads\software\framework\maven\src\test\resources
2023-07-10 12:15:45,229 [Worker-60: Launching Java] INFO  o.e.m.c.i.embedder.EclipseLogger - Using 'UTF-8' encoding to copy filtered resources.
2023-07-10 12:15:45,231 [Worker-60: Launching Java] INFO  o.e.m.c.i.embedder.EclipseLogger - skip non existing resourceDirectory C:\Users\SCOREME-LT-ANANT\Downloads\software\framework\maven\src\main\resources
2023-07-10 12:15:45,233 [Worker-60: Launching Java] INFO  o.e.m.c.i.embedder.EclipseLogger - Using 'UTF-8' encoding to copy filtered resources.
2023-07-10 12:15:45,234 [Worker-60: Launching Java] INFO  o.e.m.c.i.embedder.EclipseLogger - skip non existing resourceDirectory C:\Users\SCOREME-LT-ANANT\Downloads\software\framework\maven\src\test\resources
2023-07-10 12:17:21,276 [Worker-60: Launching Java] INFO  o.e.m.c.i.embedder.EclipseLogger - Using 'UTF-8' encoding to copy filtered resources.
2023-07-10 12:17:21,276 [Worker-60: Launching Java] INFO  o.e.m.c.i.embedder.EclipseLogger - skip non existing resourceDirectory C:\Users\SCOREME-LT-ANANT\Downloads\software\framework\maven\src\main\resources
2023-07-10 12:17:21,280 [Worker-60: Launching Java] INFO  o.e.m.c.i.embedder.EclipseLogger - Using 'UTF-8' encoding to copy filtered resources.
2023-07-10 12:17:21,280 [Worker-60: Launching Java] INFO  o.e.m.c.i.embedder.EclipseLogger - skip non existing resourceDirectory C:\Users\SCOREME-LT-ANANT\Downloads\software\framework\maven\src\test\resources
2023-07-10 12:46:07,135 [Worker-79: Launching Java] ERROR o.e.m.c.i.URLConnectionCaches - Unexpected URLConnection defaultUseCaches enabled
2023-07-10 12:46:07,141 [Worker-79: Launching Java] INFO  o.e.m.c.i.embedder.EclipseLogger - Using 'UTF-8' encoding to copy filtered resources.
2023-07-10 12:46:07,141 [Worker-79: Launching Java] INFO  o.e.m.c.i.embedder.EclipseLogger - skip non existing resourceDirectory C:\Users\SCOREME-LT-ANANT\Downloads\software\framework\maven\src\main\resources
2023-07-10 12:46:07,144 [Worker-79: Launching Java] INFO  o.e.m.c.i.embedder.EclipseLogger - Using 'UTF-8' encoding to copy filtered resources.
2023-07-10 12:46:07,145 [Worker-79: Launching Java] INFO  o.e.m.c.i.embedder.EclipseLogger - skip non existing resourceDirectory C:\Users\SCOREME-LT-ANANT\Downloads\software\framework\maven\src\test\resources
2023-07-10 12:46:50,858 [Worker-83: Launching Java] ERROR o.e.m.c.i.URLConnectionCaches - Unexpected URLConnection defaultUseCaches enabled
2023-07-10 12:46:50,863 [Worker-83: Launching Java] INFO  o.e.m.c.i.embedder.EclipseLogger - Using 'UTF-8' encoding to copy filtered resources.
2023-07-10 12:46:50,863 [Worker-83: Launching Java] INFO  o.e.m.c.i.embedder.EclipseLogger - skip non existing resourceDirectory C:\Users\SCOREME-LT-ANANT\Downloads\software\framework\maven\src\main\resources
2023-07-10 12:46:50,866 [Worker-83: Launching Java] INFO  o.e.m.c.i.embedder.EclipseLogger - Using 'UTF-8' encoding to copy filtered resources.
2023-07-10 12:46:50,866 [Worker-83: Launching Java] INFO  o.e.m.c.i.embedder.EclipseLogger - skip non existing resourceDirectory C:\Users\SCOREME-LT-ANANT\Downloads\software\framework\maven\src\test\resources
2023-07-10 17:27:35,629 [Worker-88: Launching Java] ERROR o.e.m.c.i.URLConnectionCaches - Unexpected URLConnection defaultUseCaches enabled
2023-07-10 17:27:35,633 [Worker-88: Launching Java] INFO  o.e.m.c.i.embedder.EclipseLogger - Using 'UTF-8' encoding to copy filtered resources.
2023-07-10 17:27:35,633 [Worker-88: Launching Java] INFO  o.e.m.c.i.embedder.EclipseLogger - skip non existing resourceDirectory C:\Users\SCOREME-LT-ANANT\Downloads\software\framework\maven\src\main\resources
2023-07-10 17:27:35,634 [Worker-88: Launching Java] INFO  o.e.m.c.i.embedder.EclipseLogger - Using 'UTF-8' encoding to copy filtered resources.
2023-07-10 17:27:35,635 [Worker-88: Launching Java] INFO  o.e.m.c.i.embedder.EclipseLogger - skip non existing resourceDirectory C:\Users\SCOREME-LT-ANANT\Downloads\software\framework\maven\src\test\resources
2023-07-10 17:29:02,793 [Worker-93: Launching Java] ERROR o.e.m.c.i.URLConnectionCaches - Unexpected URLConnection defaultUseCaches enabled
2023-07-10 17:29:02,798 [Worker-93: Launching Java] INFO  o.e.m.c.i.embedder.EclipseLogger - Using 'UTF-8' encoding to copy filtered resources.
2023-07-10 17:29:02,799 [Worker-93: Launching Java] INFO  o.e.m.c.i.embedder.EclipseLogger - skip non existing resourceDirectory C:\Users\SCOREME-LT-ANANT\Downloads\software\framework\maven\src\main\resources
2023-07-10 17:29:02,803 [Worker-93: Launching Java] INFO  o.e.m.c.i.embedder.EclipseLogger - Using 'UTF-8' encoding to copy filtered resources.
2023-07-10 17:29:02,804 [Worker-93: Launching Java] INFO  o.e.m.c.i.embedder.EclipseLogger - skip non existing resourceDirectory C:\Users\SCOREME-LT-ANANT\Downloads\software\framework\maven\src\test\resources
2023-07-10 17:50:35,606 [Worker-98: Launching Java] ERROR o.e.m.c.i.URLConnectionCaches - Unexpected URLConnection defaultUseCaches enabled
2023-07-10 17:50:35,613 [Worker-98: Launching Java] INFO  o.e.m.c.i.embedder.EclipseLogger - Using 'UTF-8' encoding to copy filtered resources.
2023-07-10 17:50:35,613 [Worker-98: Launching Java] INFO  o.e.m.c.i.embedder.EclipseLogger - skip non existing resourceDirectory C:\Users\SCOREME-LT-ANANT\Downloads\software\framework\maven\src\main\resources
2023-07-10 17:50:35,616 [Worker-98: Launching Java] INFO  o.e.m.c.i.embedder.EclipseLogger - Using 'UTF-8' encoding to copy filtered resources.
2023-07-10 17:50:35,616 [Worker-98: Launching Java] INFO  o.e.m.c.i.embedder.EclipseLogger - skip non existing resourceDirectory C:\Users\SCOREME-LT-ANANT\Downloads\software\framework\maven\src\test\resources
2023-07-10 18:11:29,721 [Worker-99: Launching Java] ERROR o.e.m.c.i.URLConnectionCaches - Unexpected URLConnection defaultUseCaches enabled
2023-07-10 18:11:29,726 [Worker-99: Launching Java] INFO  o.e.m.c.i.embedder.EclipseLogger - Using 'UTF-8' encoding to copy filtered resources.
2023-07-10 18:11:29,726 [Worker-99: Launching Java] INFO  o.e.m.c.i.embedder.EclipseLogger - skip non existing resourceDirectory C:\Users\SCOREME-LT-ANANT\Downloads\software\framework\maven\src\main\resources
2023-07-10 18:11:29,729 [Worker-99: Launching Java] INFO  o.e.m.c.i.embedder.EclipseLogger - Using 'UTF-8' encoding to copy filtered resources.
2023-07-10 18:11:29,730 [Worker-99: Launching Java] INFO  o.e.m.c.i.embedder.EclipseLogger - skip non existing resourceDirectory C:\Users\SCOREME-LT-ANANT\Downloads\software\framework\maven\src\test\resources
2023-07-10 18:17:07,593 [Worker-106: Launching Java] ERROR o.e.m.c.i.URLConnectionCaches - Unexpected URLConnection defaultUseCaches enabled
2023-07-10 18:17:07,597 [Worker-106: Launching Java] INFO  o.e.m.c.i.embedder.EclipseLogger - Using 'UTF-8' encoding to copy filtered resources.
2023-07-10 18:17:07,597 [Worker-106: Launching Java] INFO  o.e.m.c.i.embedder.EclipseLogger - skip non existing resourceDirectory C:\Users\SCOREME-LT-ANANT\Downloads\software\framework\maven\src\main\resources
2023-07-10 18:17:07,601 [Worker-106: Launching Java] INFO  o.e.m.c.i.embedder.EclipseLogger - Using 'UTF-8' encoding to copy filtered resources.
2023-07-10 18:17:07,601 [Worker-106: Launching Java] INFO  o.e.m.c.i.embedder.EclipseLogger - skip non existing resourceDirectory C:\Users\SCOREME-LT-ANANT\Downloads\software\framework\maven\src\test\resources
2023-07-10 18:28:46,425 [Worker-114: Launching Java] ERROR o.e.m.c.i.URLConnectionCaches - Unexpected URLConnection defaultUseCaches enabled
2023-07-10 18:28:46,429 [Worker-114: Launching Java] INFO  o.e.m.c.i.embedder.EclipseLogger - Using 'UTF-8' encoding to copy filtered resources.
2023-07-10 18:28:46,430 [Worker-114: Launching Java] INFO  o.e.m.c.i.embedder.EclipseLogger - skip non existing resourceDirectory C:\Users\SCOREME-LT-ANANT\Downloads\software\framework\maven\src\main\resources
2023-07-10 18:28:46,433 [Worker-114: Launching Java] INFO  o.e.m.c.i.embedder.EclipseLogger - Using 'UTF-8' encoding to copy filtered resources.
2023-07-10 18:28:46,433 [Worker-114: Launching Java] INFO  o.e.m.c.i.embedder.EclipseLogger - skip non existing resourceDirectory C:\Users\SCOREME-LT-ANANT\Downloads\software\framework\maven\src\test\resources
2023-07-10 18:45:40,587 [Worker-2: Loading available Gradle versions] INFO  o.e.b.c.i.u.g.PublishedGradleVersions - Gradle version information cache is up-to-date. Trying to read.
2023-07-10 18:46:14,024 [Worker-18: Launching Java] INFO  o.e.m.c.i.embedder.EclipseLogger - Using 'UTF-8' encoding to copy filtered resources.
2023-07-10 18:46:14,025 [Worker-18: Launching Java] INFO  o.e.m.c.i.embedder.EclipseLogger - skip non existing resourceDirectory C:\Users\SCOREME-LT-ANANT\Downloads\software\framework\maven\src\main\resources
2023-07-10 18:46:14,028 [Worker-18: Launching Java] INFO  o.e.m.c.i.embedder.EclipseLogger - Using 'UTF-8' encoding to copy filtered resources.
2023-07-10 18:46:14,028 [Worker-18: Launching Java] INFO  o.e.m.c.i.embedder.EclipseLogger - skip non existing resourceDirectory C:\Users\SCOREME-LT-ANANT\Downloads\software\framework\maven\src\test\resources
2023-07-10 19:06:49,031 [Worker-3: Launching Java] INFO  o.e.m.c.i.embedder.EclipseLogger - Using 'UTF-8' encoding to copy filtered resources.
2023-07-10 19:06:49,031 [Worker-3: Launching Java] INFO  o.e.m.c.i.embedder.EclipseLogger - skip non existing resourceDirectory C:\Users\SCOREME-LT-ANANT\Downloads\software\framework\maven\src\main\resources
2023-07-10 19:06:49,035 [Worker-3: Launching Java] INFO  o.e.m.c.i.embedder.EclipseLogger - Using 'UTF-8' encoding to copy filtered resources.
2023-07-10 19:06:49,035 [Worker-3: Launching Java] INFO  o.e.m.c.i.embedder.EclipseLogger - skip non existing resourceDirectory C:\Users\SCOREME-LT-ANANT\Downloads\software\framework\maven\src\test\resources
2023-07-10 19:17:53,259 [Worker-30: Launching Java] INFO  o.e.m.c.i.embedder.EclipseLogger - Using 'UTF-8' encoding to copy filtered resources.
2023-07-10 19:17:53,261 [Worker-30: Launching Java] INFO  o.e.m.c.i.embedder.EclipseLogger - skip non existing resourceDirectory C:\Users\SCOREME-LT-ANANT\Downloads\software\framework\maven\src\main\resources
2023-07-10 19:17:53,265 [Worker-30: Launching Java] INFO  o.e.m.c.i.embedder.EclipseLogger - Using 'UTF-8' encoding to copy filtered resources.
2023-07-10 19:17:53,265 [Worker-30: Launching Java] INFO  o.e.m.c.i.embedder.EclipseLogger - skip non existing resourceDirectory C:\Users\SCOREME-LT-ANANT\Downloads\software\framework\maven\src\test\resources
2023-07-10 20:19:26,052 [Worker-24: Launching Java] INFO  o.e.m.c.i.embedder.EclipseLogger - Using 'UTF-8' encoding to copy filtered resources.
2023-07-10 20:19:26,052 [Worker-24: Launching Java] INFO  o.e.m.c.i.embedder.EclipseLogger - skip non existing resourceDirectory C:\Users\SCOREME-LT-ANANT\Downloads\software\framework\maven\src\main\resources
2023-07-10 20:19:26,057 [Worker-24: Launching Java] INFO  o.e.m.c.i.embedder.EclipseLogger - Using 'UTF-8' encoding to copy filtered resources.
2023-07-10 20:19:26,057 [Worker-24: Launching Java] INFO  o.e.m.c.i.embedder.EclipseLogger - skip non existing resourceDirectory C:\Users\SCOREME-LT-ANANT\Downloads\software\framework\maven\src\test\resources
2023-07-10 20:21:05,219 [Worker-36: Launching Java] INFO  o.e.m.c.i.embedder.EclipseLogger - Using 'UTF-8' encoding to copy filtered resources.
2023-07-10 20:21:05,220 [Worker-36: Launching Java] INFO  o.e.m.c.i.embedder.EclipseLogger - skip non existing resourceDirectory C:\Users\SCOREME-LT-ANANT\Downloads\software\framework\maven\src\main\resources
2023-07-10 20:21:05,236 [Worker-36: Launching Java] INFO  o.e.m.c.i.embedder.EclipseLogger - Using 'UTF-8' encoding to copy filtered resources.
2023-07-10 20:21:05,237 [Worker-36: Launching Java] INFO  o.e.m.c.i.embedder.EclipseLogger - skip non existing resourceDirectory C:\Users\SCOREME-LT-ANANT\Downloads\software\framework\maven\src\test\resources
2023-07-10 20:23:08,035 [Worker-36: Launching Java] INFO  o.e.m.c.i.embedder.EclipseLogger - Using 'UTF-8' encoding to copy filtered resources.
2023-07-10 20:23:08,036 [Worker-36: Launching Java] INFO  o.e.m.c.i.embedder.EclipseLogger - skip non existing resourceDirectory C:\Users\SCOREME-LT-ANANT\Downloads\software\framework\maven\src\main\resources
2023-07-10 20:23:08,056 [Worker-36: Launching Java] INFO  o.e.m.c.i.embedder.EclipseLogger - Using 'UTF-8' encoding to copy filtered resources.
2023-07-10 20:23:08,056 [Worker-36: Launching Java] INFO  o.e.m.c.i.embedder.EclipseLogger - skip non existing resourceDirectory C:\Users\SCOREME-LT-ANANT\Downloads\software\framework\maven\src\test\resources
2023-07-10 20:23:57,376 [Worker-40: Launching Java] INFO  o.e.m.c.i.embedder.EclipseLogger - Using 'UTF-8' encoding to copy filtered resources.
2023-07-10 20:23:57,376 [Worker-40: Launching Java] INFO  o.e.m.c.i.embedder.EclipseLogger - skip non existing resourceDirectory C:\Users\SCOREME-LT-ANANT\Downloads\software\framework\maven\src\main\resources
2023-07-10 20:23:57,379 [Worker-40: Launching Java] INFO  o.e.m.c.i.embedder.EclipseLogger - Using 'UTF-8' encoding to copy filtered resources.
2023-07-10 20:23:57,380 [Worker-40: Launching Java] INFO  o.e.m.c.i.embedder.EclipseLogger - skip non existing resourceDirectory C:\Users\SCOREME-LT-ANANT\Downloads\software\framework\maven\src\test\resources
2023-07-20 22:36:35,136 [Worker-6: Loading available Gradle versions] INFO  o.e.b.c.i.u.g.PublishedGradleVersions - Gradle version information cache is out-of-date. Trying to update.
2023-07-20 23:35:10,893 [Worker-1: Loading available Gradle versions] INFO  o.e.b.c.i.u.g.PublishedGradleVersions - Gradle version information cache is up-to-date. Trying to read.
2023-07-20 23:35:41,272 [Worker-18: Launching Java] INFO  o.e.m.c.i.embedder.EclipseLogger - Using 'UTF-8' encoding to copy filtered resources.
2023-07-20 23:35:41,273 [Worker-18: Launching Java] INFO  o.e.m.c.i.embedder.EclipseLogger - skip non existing resourceDirectory C:\Users\SCOREME-LT-ANANT\Downloads\software\framework\maven\src\main\resources
2023-07-20 23:35:41,276 [Worker-18: Launching Java] INFO  o.e.m.c.i.embedder.EclipseLogger - Using 'UTF-8' encoding to copy filtered resources.
2023-07-20 23:35:41,276 [Worker-18: Launching Java] INFO  o.e.m.c.i.embedder.EclipseLogger - skip non existing resourceDirectory C:\Users\SCOREME-LT-ANANT\Downloads\software\framework\maven\src\test\resources
2023-07-21 12:52:13,117 [Worker-5: Loading available Gradle versions] INFO  o.e.b.c.i.u.g.PublishedGradleVersions - Gradle version information cache is up-to-date. Trying to read.
2023-07-23 11:29:37,083 [Worker-0: Loading available Gradle versions] INFO  o.e.b.c.i.u.g.PublishedGradleVersions - Gradle version information cache is up-to-date. Trying to read.
2023-07-23 11:59:41,196 [Worker-7: Loading available Gradle versions] INFO  o.e.b.c.i.u.g.PublishedGradleVersions - Gradle version information cache is up-to-date. Trying to read.
2023-07-23 12:01:34,589 [Worker-19: Building] INFO  o.e.m.c.i.l.LifecycleMappingFactory - Using org.eclipse.m2e.jdt.JarLifecycleMapping lifecycle mapping for MavenProject: maven:maven:0.0.1-SNAPSHOT @ C:\Users\SCOREME-LT-ANANT\Downloads\software\framework\maven\pom.xml.
2023-07-23 12:01:35,121 [Worker-19: Building] INFO  o.e.m.c.i.embedder.EclipseLogger - Using 'UTF-8' encoding to copy filtered resources.
2023-07-23 12:01:35,121 [Worker-19: Building] INFO  o.e.m.c.i.embedder.EclipseLogger - skip non existing resourceDirectory C:\Users\SCOREME-LT-ANANT\Downloads\software\framework\maven\src\main\resources
2023-07-23 12:01:35,124 [Worker-19: Building] INFO  o.e.m.c.i.embedder.EclipseLogger - Using 'UTF-8' encoding to copy filtered resources.
2023-07-23 12:01:35,124 [Worker-19: Building] INFO  o.e.m.c.i.embedder.EclipseLogger - skip non existing resourceDirectory C:\Users\SCOREME-LT-ANANT\Downloads\software\framework\maven\src\test\resources
2023-07-23 12:01:36,424 [Worker-21: Download sources and javadoc] INFO  o.e.m.c.i.e.AbstractTransferListenerAdapter - Downloading https://repo.maven.apache.org/maven2/io/cucumber/cucumber-java/7.13.0/cucumber-java-7.13.0-sources.jar
2023-07-23 12:01:36,663 [Worker-21: Download sources and javadoc] INFO  o.e.m.c.i.e.AbstractTransferListenerAdapter - Downloaded https://repo.maven.apache.org/maven2/io/cucumber/cucumber-java/7.13.0/cucumber-java-7.13.0-sources.jar
2023-07-23 12:01:36,668 [Worker-21: Download sources and javadoc] INFO  o.e.m.j.internal.DownloadSourcesJob - Downloaded sources for io.cucumber:cucumber-java:7.13.0
2023-07-23 12:01:36,856 [Worker-21: Download sources and javadoc] INFO  o.e.m.c.i.e.AbstractTransferListenerAdapter - Downloading https://repo.maven.apache.org/maven2/io/cucumber/cucumber-core/7.13.0/cucumber-core-7.13.0-sources.jar
2023-07-23 12:01:37,079 [Worker-21: Download sources and javadoc] INFO  o.e.m.c.i.e.AbstractTransferListenerAdapter - Downloaded https://repo.maven.apache.org/maven2/io/cucumber/cucumber-core/7.13.0/cucumber-core-7.13.0-sources.jar
2023-07-23 12:01:37,080 [Worker-21: Download sources and javadoc] INFO  o.e.m.j.internal.DownloadSourcesJob - Downloaded sources for io.cucumber:cucumber-core:7.13.0
2023-07-23 12:01:37,983 [Worker-21: Download sources and javadoc] INFO  o.e.m.c.i.e.AbstractTransferListenerAdapter - Downloading https://repo.maven.apache.org/maven2/io/cucumber/cucumber-gherkin/7.13.0/cucumber-gherkin-7.13.0-sources.jar
2023-07-23 12:01:38,295 [Worker-21: Download sources and javadoc] INFO  o.e.m.c.i.e.AbstractTransferListenerAdapter - Downloaded https://repo.maven.apache.org/maven2/io/cucumber/cucumber-gherkin/7.13.0/cucumber-gherkin-7.13.0-sources.jar
2023-07-23 12:01:38,300 [Worker-21: Download sources and javadoc] INFO  o.e.m.j.internal.DownloadSourcesJob - Downloaded sources for io.cucumber:cucumber-gherkin:7.13.0
2023-07-23 12:01:38,519 [Worker-21: Download sources and javadoc] INFO  o.e.m.c.i.e.AbstractTransferListenerAdapter - Downloading https://repo.maven.apache.org/maven2/io/cucumber/cucumber-gherkin-messages/7.13.0/cucumber-gherkin-messages-7.13.0-sources.jar
2023-07-23 12:01:38,608 [Worker-21: Download sources and javadoc] INFO  o.e.m.c.i.e.AbstractTransferListenerAdapter - Downloaded https://repo.maven.apache.org/maven2/io/cucumber/cucumber-gherkin-messages/7.13.0/cucumber-gherkin-messages-7.13.0-sources.jar
2023-07-23 12:01:38,613 [Worker-21: Download sources and javadoc] INFO  o.e.m.j.internal.DownloadSourcesJob - Downloaded sources for io.cucumber:cucumber-gherkin-messages:7.13.0
2023-07-23 12:01:39,386 [Worker-21: Download sources and javadoc] INFO  o.e.m.c.i.e.AbstractTransferListenerAdapter - Downloading https://repo.maven.apache.org/maven2/io/cucumber/datatable/7.13.0/datatable-7.13.0-sources.jar
2023-07-23 12:01:39,544 [Worker-21: Download sources and javadoc] INFO  o.e.m.c.i.e.AbstractTransferListenerAdapter - Downloaded https://repo.maven.apache.org/maven2/io/cucumber/datatable/7.13.0/datatable-7.13.0-sources.jar
2023-07-23 12:01:39,548 [Worker-21: Download sources and javadoc] INFO  o.e.m.j.internal.DownloadSourcesJob - Downloaded sources for io.cucumber:datatable:7.13.0
2023-07-23 12:01:40,206 [Worker-21: Download sources and javadoc] INFO  o.e.m.c.i.e.AbstractTransferListenerAdapter - Downloading https://repo.maven.apache.org/maven2/io/cucumber/cucumber-plugin/7.13.0/cucumber-plugin-7.13.0-sources.jar
2023-07-23 12:01:40,474 [Worker-21: Download sources and javadoc] INFO  o.e.m.c.i.e.AbstractTransferListenerAdapter - Downloaded https://repo.maven.apache.org/maven2/io/cucumber/cucumber-plugin/7.13.0/cucumber-plugin-7.13.0-sources.jar
2023-07-23 12:01:40,479 [Worker-21: Download sources and javadoc] INFO  o.e.m.j.internal.DownloadSourcesJob - Downloaded sources for io.cucumber:cucumber-plugin:7.13.0
2023-07-23 12:01:41,756 [Worker-21: Download sources and javadoc] INFO  o.e.m.c.i.e.AbstractTransferListenerAdapter - Downloading https://repo.maven.apache.org/maven2/io/cucumber/docstring/7.13.0/docstring-7.13.0-sources.jar
2023-07-23 12:01:41,837 [Worker-21: Download sources and javadoc] INFO  o.e.m.c.i.e.AbstractTransferListenerAdapter - Downloaded https://repo.maven.apache.org/maven2/io/cucumber/docstring/7.13.0/docstring-7.13.0-sources.jar
2023-07-23 12:01:41,839 [Worker-21: Download sources and javadoc] INFO  o.e.m.j.internal.DownloadSourcesJob - Downloaded sources for io.cucumber:docstring:7.13.0
2023-07-23 12:01:42,113 [Worker-21: Download sources and javadoc] INFO  o.e.m.c.i.e.AbstractTransferListenerAdapter - Downloading https://repo.maven.apache.org/maven2/io/cucumber/html-formatter/20.3.1/html-formatter-20.3.1-sources.jar
2023-07-23 12:01:42,398 [Worker-21: Download sources and javadoc] INFO  o.e.m.c.i.e.AbstractTransferListenerAdapter - Downloaded https://repo.maven.apache.org/maven2/io/cucumber/html-formatter/20.3.1/html-formatter-20.3.1-sources.jar
2023-07-23 12:01:42,400 [Worker-21: Download sources and javadoc] INFO  o.e.m.j.internal.DownloadSourcesJob - Downloaded sources for io.cucumber:html-formatter:20.3.1
2023-07-23 12:57:08,673 [Worker-24: Building] INFO  o.e.m.c.i.embedder.EclipseLogger - Using 'UTF-8' encoding to copy filtered resources.
2023-07-23 12:57:08,674 [Worker-24: Building] INFO  o.e.m.c.i.embedder.EclipseLogger - skip non existing resourceDirectory C:\Users\SCOREME-LT-ANANT\Downloads\software\framework\maven\src\main\resources
2023-07-23 12:57:08,676 [Worker-24: Building] INFO  o.e.m.c.i.embedder.EclipseLogger - Using 'UTF-8' encoding to copy filtered resources.
2023-07-23 12:57:08,676 [Worker-24: Building] INFO  o.e.m.c.i.embedder.EclipseLogger - skip non existing resourceDirectory C:\Users\SCOREME-LT-ANANT\Downloads\software\framework\maven\src\test\resources
2023-07-23 13:33:42,459 [Worker-31: Building] INFO  o.e.m.c.i.embedder.EclipseLogger - Using 'UTF-8' encoding to copy filtered resources.
2023-07-23 13:33:42,459 [Worker-31: Building] INFO  o.e.m.c.i.embedder.EclipseLogger - skip non existing resourceDirectory C:\Users\SCOREME-LT-ANANT\Downloads\software\framework\maven\src\main\resources
2023-07-23 13:33:42,460 [Worker-31: Building] INFO  o.e.m.c.i.embedder.EclipseLogger - Using 'UTF-8' encoding to copy filtered resources.
2023-07-23 13:33:42,462 [Worker-31: Building] INFO  o.e.m.c.i.embedder.EclipseLogger - skip non existing resourceDirectory C:\Users\SCOREME-LT-ANANT\Downloads\software\framework\maven\src\test\resources
2023-07-23 13:36:32,227 [Worker-32: Building] INFO  o.e.m.c.i.embedder.EclipseLogger - Using 'UTF-8' encoding to copy filtered resources.
2023-07-23 13:36:32,227 [Worker-32: Building] INFO  o.e.m.c.i.embedder.EclipseLogger - skip non existing resourceDirectory C:\Users\SCOREME-LT-ANANT\Downloads\software\framework\maven\src\main\resources
2023-07-23 13:36:32,229 [Worker-32: Building] INFO  o.e.m.c.i.embedder.EclipseLogger - Using 'UTF-8' encoding to copy filtered resources.
2023-07-23 13:36:32,229 [Worker-32: Building] INFO  o.e.m.c.i.embedder.EclipseLogger - skip non existing resourceDirectory C:\Users\SCOREME-LT-ANANT\Downloads\software\framework\maven\src\test\resources
2023-07-23 13:38:37,427 [Worker-34: Building] INFO  o.e.m.c.i.l.LifecycleMappingFactory - Using org.eclipse.m2e.jdt.JarLifecycleMapping lifecycle mapping for MavenProject: maven:maven:0.0.1-SNAPSHOT @ C:\Users\SCOREME-LT-ANANT\Downloads\software\framework\maven\pom.xml.
2023-07-23 13:38:37,640 [Worker-34: Building] INFO  o.e.m.c.i.embedder.EclipseLogger - Using 'UTF-8' encoding to copy filtered resources.
2023-07-23 13:38:37,640 [Worker-34: Building] INFO  o.e.m.c.i.embedder.EclipseLogger - skip non existing resourceDirectory C:\Users\SCOREME-LT-ANANT\Downloads\software\framework\maven\src\main\resources
2023-07-23 13:38:37,642 [Worker-34: Building] INFO  o.e.m.c.i.embedder.EclipseLogger - Using 'UTF-8' encoding to copy filtered resources.
2023-07-23 13:38:37,642 [Worker-34: Building] INFO  o.e.m.c.i.embedder.EclipseLogger - skip non existing resourceDirectory C:\Users\SCOREME-LT-ANANT\Downloads\software\framework\maven\src\test\resources
2023-07-23 13:38:38,985 [Worker-35: Download sources and javadoc] INFO  o.e.m.c.i.e.AbstractTransferListenerAdapter - Downloading https://repo.maven.apache.org/maven2/io/cucumber/cucumber-junit/7.13.0/cucumber-junit-7.13.0-sources.jar
2023-07-23 13:38:39,078 [Worker-35: Download sources and javadoc] INFO  o.e.m.c.i.e.AbstractTransferListenerAdapter - Downloaded https://repo.maven.apache.org/maven2/io/cucumber/cucumber-junit/7.13.0/cucumber-junit-7.13.0-sources.jar
2023-07-23 13:38:39,081 [Worker-35: Download sources and javadoc] INFO  o.e.m.j.internal.DownloadSourcesJob - Downloaded sources for io.cucumber:cucumber-junit:7.13.0
2023-07-23 18:33:04,197 [Worker-5: Loading available Gradle versions] INFO  o.e.b.c.i.u.g.PublishedGradleVersions - Gradle version information cache is out-of-date. Trying to update.
2023-07-23 19:18:53,564 [Worker-31: Launching Place.feature] INFO  o.e.m.c.i.l.LifecycleMappingFactory - Using org.eclipse.m2e.jdt.JarLifecycleMapping lifecycle mapping for MavenProject: maven:maven:0.0.1-SNAPSHOT @ C:\Users\SCOREME-LT-ANANT\Downloads\software\framework\maven\pom.xml.
2023-07-23 19:18:54,172 [Worker-31: Launching Place.feature] INFO  o.e.m.c.i.embedder.EclipseLogger - Using 'UTF-8' encoding to copy filtered resources.
2023-07-23 19:18:54,172 [Worker-31: Launching Place.feature] INFO  o.e.m.c.i.embedder.EclipseLogger - skip non existing resourceDirectory C:\Users\SCOREME-LT-ANANT\Downloads\software\framework\maven\src\main\resources
2023-07-23 19:18:54,174 [Worker-31: Launching Place.feature] INFO  o.e.m.c.i.embedder.EclipseLogger - Using 'UTF-8' encoding to copy filtered resources.
2023-07-23 19:18:54,175 [Worker-31: Launching Place.feature] INFO  o.e.m.c.i.embedder.EclipseLogger - skip non existing resourceDirectory C:\Users\SCOREME-LT-ANANT\Downloads\software\framework\maven\src\test\resources
2023-07-23 19:50:44,878 [Worker-40: Building] INFO  o.e.m.c.i.embedder.EclipseLogger - Using 'UTF-8' encoding to copy filtered resources.
2023-07-23 19:50:44,879 [Worker-40: Building] INFO  o.e.m.c.i.embedder.EclipseLogger - skip non existing resourceDirectory C:\Users\SCOREME-LT-ANANT\Downloads\software\framework\maven\src\main\resources
2023-07-23 19:50:44,883 [Worker-40: Building] INFO  o.e.m.c.i.embedder.EclipseLogger - Using 'UTF-8' encoding to copy filtered resources.
2023-07-23 19:50:44,884 [Worker-40: Building] INFO  o.e.m.c.i.embedder.EclipseLogger - skip non existing resourceDirectory C:\Users\SCOREME-LT-ANANT\Downloads\software\framework\maven\src\test\resources
2023-07-23 19:54:57,075 [Worker-39: Launching TestRunner] INFO  o.e.m.c.i.embedder.EclipseLogger - Using 'UTF-8' encoding to copy filtered resources.
2023-07-23 19:54:57,075 [Worker-39: Launching TestRunner] INFO  o.e.m.c.i.embedder.EclipseLogger - skip non existing resourceDirectory C:\Users\SCOREME-LT-ANANT\Downloads\software\framework\maven\src\main\resources
2023-07-23 19:54:57,078 [Worker-39: Launching TestRunner] INFO  o.e.m.c.i.embedder.EclipseLogger - Using 'UTF-8' encoding to copy filtered resources.
2023-07-23 19:54:57,078 [Worker-39: Launching TestRunner] INFO  o.e.m.c.i.embedder.EclipseLogger - skip non existing resourceDirectory C:\Users\SCOREME-LT-ANANT\Downloads\software\framework\maven\src\test\resources
2023-08-02 15:43:22,814 [Worker-4: Loading available Gradle versions] INFO  o.e.b.c.i.u.g.PublishedGradleVersions - Gradle version information cache is out-of-date. Trying to update.
